<?xml version="1.0" encoding="UTF-8"?>
<testsuite xmlns:xsi="http://www.w3.org/2001/XMLSchema-instance" xsi:noNamespaceSchemaLocation="https://maven.apache.org/surefire/maven-surefire-plugin/xsd/surefire-test-report.xsd" name="com.bussiness.go.software.test.SoftwareApplicationTests" time="5.685" tests="1" errors="0" skipped="0" failures="0">
  <properties>
    <property name="java.specification.version" value="17"/>
    <property name="sun.jnu.encoding" value="UTF-8"/>
    <property name="java.class.path" value="/var/www/html/gml/format-crud-backend/target/test-classes:/var/www/html/gml/format-crud-backend/target/classes:/home/naharasoftsas/.m2/repository/org/springframework/boot/spring-boot-starter-data-jdbc/2.7.7/spring-boot-starter-data-jdbc-2.7.7.jar:/home/naharasoftsas/.m2/repository/org/springframework/boot/spring-boot-starter-jdbc/2.7.7/spring-boot-starter-jdbc-2.7.7.jar:/home/naharasoftsas/.m2/repository/com/zaxxer/HikariCP/4.0.3/HikariCP-4.0.3.jar:/home/naharasoftsas/.m2/repository/org/springframework/spring-jdbc/5.3.24/spring-jdbc-5.3.24.jar:/home/naharasoftsas/.m2/repository/org/springframework/data/spring-data-jdbc/2.4.6/spring-data-jdbc-2.4.6.jar:/home/naharasoftsas/.m2/repository/org/springframework/data/spring-data-relational/2.4.6/spring-data-relational-2.4.6.jar:/home/naharasoftsas/.m2/repository/org/springframework/data/spring-data-commons/2.7.6/spring-data-commons-2.7.6.jar:/home/naharasoftsas/.m2/repository/org/springframework/spring-tx/5.3.24/spring-tx-5.3.24.jar:/home/naharasoftsas/.m2/repository/org/springframework/spring-context/5.3.24/spring-context-5.3.24.jar:/home/naharasoftsas/.m2/repository/org/springframework/spring-beans/5.3.24/spring-beans-5.3.24.jar:/home/naharasoftsas/.m2/repository/org/slf4j/slf4j-api/1.7.36/slf4j-api-1.7.36.jar:/home/naharasoftsas/.m2/repository/org/springframework/boot/spring-boot-starter-data-jpa/2.7.7/spring-boot-starter-data-jpa-2.7.7.jar:/home/naharasoftsas/.m2/repository/org/springframework/boot/spring-boot-starter-aop/2.7.7/spring-boot-starter-aop-2.7.7.jar:/home/naharasoftsas/.m2/repository/org/aspectj/aspectjweaver/1.9.7/aspectjweaver-1.9.7.jar:/home/naharasoftsas/.m2/repository/jakarta/transaction/jakarta.transaction-api/1.3.3/jakarta.transaction-api-1.3.3.jar:/home/naharasoftsas/.m2/repository/jakarta/persistence/jakarta.persistence-api/2.2.3/jakarta.persistence-api-2.2.3.jar:/home/naharasoftsas/.m2/repository/org/hibernate/hibernate-core/5.6.14.Final/hibernate-core-5.6.14.Final.jar:/home/naharasoftsas/.m2/repository/org/jboss/logging/jboss-logging/3.4.3.Final/jboss-logging-3.4.3.Final.jar:/home/naharasoftsas/.m2/repository/net/bytebuddy/byte-buddy/1.12.20/byte-buddy-1.12.20.jar:/home/naharasoftsas/.m2/repository/antlr/antlr/2.7.7/antlr-2.7.7.jar:/home/naharasoftsas/.m2/repository/org/jboss/jandex/2.4.2.Final/jandex-2.4.2.Final.jar:/home/naharasoftsas/.m2/repository/com/fasterxml/classmate/1.5.1/classmate-1.5.1.jar:/home/naharasoftsas/.m2/repository/org/hibernate/common/hibernate-commons-annotations/5.1.2.Final/hibernate-commons-annotations-5.1.2.Final.jar:/home/naharasoftsas/.m2/repository/org/glassfish/jaxb/jaxb-runtime/2.3.7/jaxb-runtime-2.3.7.jar:/home/naharasoftsas/.m2/repository/org/glassfish/jaxb/txw2/2.3.7/txw2-2.3.7.jar:/home/naharasoftsas/.m2/repository/com/sun/istack/istack-commons-runtime/3.0.12/istack-commons-runtime-3.0.12.jar:/home/naharasoftsas/.m2/repository/org/springframework/data/spring-data-jpa/2.7.6/spring-data-jpa-2.7.6.jar:/home/naharasoftsas/.m2/repository/org/springframework/spring-orm/5.3.24/spring-orm-5.3.24.jar:/home/naharasoftsas/.m2/repository/org/springframework/spring-aspects/5.3.24/spring-aspects-5.3.24.jar:/home/naharasoftsas/.m2/repository/org/springframework/boot/spring-boot-starter-web/2.7.7/spring-boot-starter-web-2.7.7.jar:/home/naharasoftsas/.m2/repository/org/springframework/boot/spring-boot-starter/2.7.7/spring-boot-starter-2.7.7.jar:/home/naharasoftsas/.m2/repository/org/springframework/boot/spring-boot-starter-logging/2.7.7/spring-boot-starter-logging-2.7.7.jar:/home/naharasoftsas/.m2/repository/ch/qos/logback/logback-classic/1.2.11/logback-classic-1.2.11.jar:/home/naharasoftsas/.m2/repository/ch/qos/logback/logback-core/1.2.11/logback-core-1.2.11.jar:/home/naharasoftsas/.m2/repository/org/apache/logging/log4j/log4j-to-slf4j/2.17.2/log4j-to-slf4j-2.17.2.jar:/home/naharasoftsas/.m2/repository/org/apache/logging/log4j/log4j-api/2.17.2/log4j-api-2.17.2.jar:/home/naharasoftsas/.m2/repository/org/slf4j/jul-to-slf4j/1.7.36/jul-to-slf4j-1.7.36.jar:/home/naharasoftsas/.m2/repository/org/yaml/snakeyaml/1.30/snakeyaml-1.30.jar:/home/naharasoftsas/.m2/repository/org/springframework/boot/spring-boot-starter-json/2.7.7/spring-boot-starter-json-2.7.7.jar:/home/naharasoftsas/.m2/repository/com/fasterxml/jackson/datatype/jackson-datatype-jdk8/2.13.4/jackson-datatype-jdk8-2.13.4.jar:/home/naharasoftsas/.m2/repository/com/fasterxml/jackson/datatype/jackson-datatype-jsr310/2.13.4/jackson-datatype-jsr310-2.13.4.jar:/home/naharasoftsas/.m2/repository/com/fasterxml/jackson/module/jackson-module-parameter-names/2.13.4/jackson-module-parameter-names-2.13.4.jar:/home/naharasoftsas/.m2/repository/org/springframework/spring-web/5.3.24/spring-web-5.3.24.jar:/home/naharasoftsas/.m2/repository/org/springframework/spring-webmvc/5.3.24/spring-webmvc-5.3.24.jar:/home/naharasoftsas/.m2/repository/org/springframework/spring-expression/5.3.24/spring-expression-5.3.24.jar:/home/naharasoftsas/.m2/repository/org/springframework/boot/spring-boot-devtools/2.7.7/spring-boot-devtools-2.7.7.jar:/home/naharasoftsas/.m2/repository/org/springframework/boot/spring-boot/2.7.7/spring-boot-2.7.7.jar:/home/naharasoftsas/.m2/repository/org/springframework/boot/spring-boot-autoconfigure/2.7.7/spring-boot-autoconfigure-2.7.7.jar:/home/naharasoftsas/.m2/repository/org/postgresql/postgresql/42.3.8/postgresql-42.3.8.jar:/home/naharasoftsas/.m2/repository/org/checkerframework/checker-qual/3.5.0/checker-qual-3.5.0.jar:/home/naharasoftsas/.m2/repository/org/springframework/boot/spring-boot-configuration-processor/2.7.7/spring-boot-configuration-processor-2.7.7.jar:/home/naharasoftsas/.m2/repository/org/projectlombok/lombok/1.18.24/lombok-1.18.24.jar:/home/naharasoftsas/.m2/repository/org/springframework/boot/spring-boot-starter-tomcat/2.7.7/spring-boot-starter-tomcat-2.7.7.jar:/home/naharasoftsas/.m2/repository/jakarta/annotation/jakarta.annotation-api/1.3.5/jakarta.annotation-api-1.3.5.jar:/home/naharasoftsas/.m2/repository/org/apache/tomcat/embed/tomcat-embed-core/9.0.70/tomcat-embed-core-9.0.70.jar:/home/naharasoftsas/.m2/repository/org/apache/tomcat/embed/tomcat-embed-el/9.0.70/tomcat-embed-el-9.0.70.jar:/home/naharasoftsas/.m2/repository/org/apache/tomcat/embed/tomcat-embed-websocket/9.0.70/tomcat-embed-websocket-9.0.70.jar:/home/naharasoftsas/.m2/repository/org/springframework/boot/spring-boot-starter-test/2.7.7/spring-boot-starter-test-2.7.7.jar:/home/naharasoftsas/.m2/repository/org/springframework/boot/spring-boot-test/2.7.7/spring-boot-test-2.7.7.jar:/home/naharasoftsas/.m2/repository/org/springframework/boot/spring-boot-test-autoconfigure/2.7.7/spring-boot-test-autoconfigure-2.7.7.jar:/home/naharasoftsas/.m2/repository/com/jayway/jsonpath/json-path/2.7.0/json-path-2.7.0.jar:/home/naharasoftsas/.m2/repository/net/minidev/json-smart/2.4.8/json-smart-2.4.8.jar:/home/naharasoftsas/.m2/repository/net/minidev/accessors-smart/2.4.8/accessors-smart-2.4.8.jar:/home/naharasoftsas/.m2/repository/jakarta/xml/bind/jakarta.xml.bind-api/2.3.3/jakarta.xml.bind-api-2.3.3.jar:/home/naharasoftsas/.m2/repository/jakarta/activation/jakarta.activation-api/1.2.2/jakarta.activation-api-1.2.2.jar:/home/naharasoftsas/.m2/repository/org/assertj/assertj-core/3.22.0/assertj-core-3.22.0.jar:/home/naharasoftsas/.m2/repository/org/hamcrest/hamcrest/2.2/hamcrest-2.2.jar:/home/naharasoftsas/.m2/repository/org/junit/jupiter/junit-jupiter/5.8.2/junit-jupiter-5.8.2.jar:/home/naharasoftsas/.m2/repository/org/junit/jupiter/junit-jupiter-api/5.8.2/junit-jupiter-api-5.8.2.jar:/home/naharasoftsas/.m2/repository/org/opentest4j/opentest4j/1.2.0/opentest4j-1.2.0.jar:/home/naharasoftsas/.m2/repository/org/junit/platform/junit-platform-commons/1.8.2/junit-platform-commons-1.8.2.jar:/home/naharasoftsas/.m2/repository/org/apiguardian/apiguardian-api/1.1.2/apiguardian-api-1.1.2.jar:/home/naharasoftsas/.m2/repository/org/junit/jupiter/junit-jupiter-params/5.8.2/junit-jupiter-params-5.8.2.jar:/home/naharasoftsas/.m2/repository/org/junit/jupiter/junit-jupiter-engine/5.8.2/junit-jupiter-engine-5.8.2.jar:/home/naharasoftsas/.m2/repository/org/junit/platform/junit-platform-engine/1.8.2/junit-platform-engine-1.8.2.jar:/home/naharasoftsas/.m2/repository/org/mockito/mockito-core/4.5.1/mockito-core-4.5.1.jar:/home/naharasoftsas/.m2/repository/net/bytebuddy/byte-buddy-agent/1.12.20/byte-buddy-agent-1.12.20.jar:/home/naharasoftsas/.m2/repository/org/objenesis/objenesis/3.2/objenesis-3.2.jar:/home/naharasoftsas/.m2/repository/org/mockito/mockito-junit-jupiter/4.5.1/mockito-junit-jupiter-4.5.1.jar:/home/naharasoftsas/.m2/repository/org/skyscreamer/jsonassert/1.5.1/jsonassert-1.5.1.jar:/home/naharasoftsas/.m2/repository/com/vaadin/external/google/android-json/0.0.20131108.vaadin1/android-json-0.0.20131108.vaadin1.jar:/home/naharasoftsas/.m2/repository/org/springframework/spring-core/5.3.24/spring-core-5.3.24.jar:/home/naharasoftsas/.m2/repository/org/springframework/spring-jcl/5.3.24/spring-jcl-5.3.24.jar:/home/naharasoftsas/.m2/repository/org/springframework/spring-test/5.3.24/spring-test-5.3.24.jar:/home/naharasoftsas/.m2/repository/org/xmlunit/xmlunit-core/2.9.0/xmlunit-core-2.9.0.jar:/home/naharasoftsas/.m2/repository/org/springframework/boot/spring-boot-starter-security/2.7.7/spring-boot-starter-security-2.7.7.jar:/home/naharasoftsas/.m2/repository/org/springframework/spring-aop/5.3.24/spring-aop-5.3.24.jar:/home/naharasoftsas/.m2/repository/org/springframework/security/spring-security-config/5.7.6/spring-security-config-5.7.6.jar:/home/naharasoftsas/.m2/repository/org/springframework/security/spring-security-core/5.7.6/spring-security-core-5.7.6.jar:/home/naharasoftsas/.m2/repository/org/springframework/security/spring-security-crypto/5.7.6/spring-security-crypto-5.7.6.jar:/home/naharasoftsas/.m2/repository/org/springframework/security/spring-security-web/5.7.6/spring-security-web-5.7.6.jar:/home/naharasoftsas/.m2/repository/org/springframework/boot/spring-boot-starter-web-services/2.7.7/spring-boot-starter-web-services-2.7.7.jar:/home/naharasoftsas/.m2/repository/com/sun/xml/messaging/saaj/saaj-impl/1.5.3/saaj-impl-1.5.3.jar:/home/naharasoftsas/.m2/repository/jakarta/xml/soap/jakarta.xml.soap-api/1.4.2/jakarta.xml.soap-api-1.4.2.jar:/home/naharasoftsas/.m2/repository/org/jvnet/staxex/stax-ex/1.8.3/stax-ex-1.8.3.jar:/home/naharasoftsas/.m2/repository/com/sun/activation/jakarta.activation/1.2.2/jakarta.activation-1.2.2.jar:/home/naharasoftsas/.m2/repository/jakarta/xml/ws/jakarta.xml.ws-api/2.3.3/jakarta.xml.ws-api-2.3.3.jar:/home/naharasoftsas/.m2/repository/jakarta/jws/jakarta.jws-api/2.1.0/jakarta.jws-api-2.1.0.jar:/home/naharasoftsas/.m2/repository/org/springframework/spring-oxm/5.3.24/spring-oxm-5.3.24.jar:/home/naharasoftsas/.m2/repository/org/springframework/ws/spring-ws-core/3.1.4/spring-ws-core-3.1.4.jar:/home/naharasoftsas/.m2/repository/org/springframework/ws/spring-xml/3.1.4/spring-xml-3.1.4.jar:/home/naharasoftsas/.m2/repository/org/springframework/boot/spring-boot-starter-validation/2.7.7/spring-boot-starter-validation-2.7.7.jar:/home/naharasoftsas/.m2/repository/org/hibernate/validator/hibernate-validator/6.2.5.Final/hibernate-validator-6.2.5.Final.jar:/home/naharasoftsas/.m2/repository/jakarta/validation/jakarta.validation-api/2.0.2/jakarta.validation-api-2.0.2.jar:/home/naharasoftsas/.m2/repository/org/springframework/boot/spring-boot-starter-thymeleaf/2.7.7/spring-boot-starter-thymeleaf-2.7.7.jar:/home/naharasoftsas/.m2/repository/org/thymeleaf/thymeleaf-spring5/3.0.15.RELEASE/thymeleaf-spring5-3.0.15.RELEASE.jar:/home/naharasoftsas/.m2/repository/org/thymeleaf/thymeleaf/3.0.15.RELEASE/thymeleaf-3.0.15.RELEASE.jar:/home/naharasoftsas/.m2/repository/org/attoparser/attoparser/2.0.5.RELEASE/attoparser-2.0.5.RELEASE.jar:/home/naharasoftsas/.m2/repository/org/unbescape/unbescape/1.1.6.RELEASE/unbescape-1.1.6.RELEASE.jar:/home/naharasoftsas/.m2/repository/org/thymeleaf/extras/thymeleaf-extras-java8time/3.0.4.RELEASE/thymeleaf-extras-java8time-3.0.4.RELEASE.jar:/home/naharasoftsas/.m2/repository/org/apache/cxf/cxf-spring-boot-starter-jaxws/3.3.0/cxf-spring-boot-starter-jaxws-3.3.0.jar:/home/naharasoftsas/.m2/repository/org/apache/cxf/cxf-spring-boot-autoconfigure/3.3.0/cxf-spring-boot-autoconfigure-3.3.0.jar:/home/naharasoftsas/.m2/repository/org/apache/cxf/cxf-rt-transports-http/3.3.0/cxf-rt-transports-http-3.3.0.jar:/home/naharasoftsas/.m2/repository/org/apache/cxf/cxf-rt-frontend-jaxws/3.3.0/cxf-rt-frontend-jaxws-3.3.0.jar:/home/naharasoftsas/.m2/repository/xml-resolver/xml-resolver/1.2/xml-resolver-1.2.jar:/home/naharasoftsas/.m2/repository/org/ow2/asm/asm/7.0/asm-7.0.jar:/home/naharasoftsas/.m2/repository/org/apache/cxf/cxf-rt-bindings-xml/3.3.0/cxf-rt-bindings-xml-3.3.0.jar:/home/naharasoftsas/.m2/repository/org/apache/cxf/cxf-rt-frontend-simple/3.3.0/cxf-rt-frontend-simple-3.3.0.jar:/home/naharasoftsas/.m2/repository/org/apache/cxf/cxf-rt-ws-addr/3.3.0/cxf-rt-ws-addr-3.3.0.jar:/home/naharasoftsas/.m2/repository/org/apache/cxf/cxf-rt-ws-policy/3.3.0/cxf-rt-ws-policy-3.3.0.jar:/home/naharasoftsas/.m2/repository/javax/validation/validation-api/2.0.1.Final/validation-api-2.0.1.Final.jar:/home/naharasoftsas/.m2/repository/javax/annotation/javax.annotation-api/1.3.2/javax.annotation-api-1.3.2.jar:/home/naharasoftsas/.m2/repository/javax/xml/ws/jaxws-api/2.3.1/jaxws-api-2.3.1.jar:/home/naharasoftsas/.m2/repository/javax/xml/soap/javax.xml.soap-api/1.4.0/javax.xml.soap-api-1.4.0.jar:/home/naharasoftsas/.m2/repository/com/sun/activation/javax.activation/1.2.0/javax.activation-1.2.0.jar:/home/naharasoftsas/.m2/repository/org/apache/geronimo/specs/geronimo-ws-metadata_2.0_spec/1.1.3/geronimo-ws-metadata_2.0_spec-1.1.3.jar:/home/naharasoftsas/.m2/repository/org/apache/geronimo/specs/geronimo-jta_1.1_spec/1.1.1/geronimo-jta_1.1_spec-1.1.1.jar:/home/naharasoftsas/.m2/repository/org/jboss/spec/javax/rmi/jboss-rmi-api_1.0_spec/1.0.6.Final/jboss-rmi-api_1.0_spec-1.0.6.Final.jar:/home/naharasoftsas/.m2/repository/org/apache/cxf/cxf-rt-ws-security/3.3.0/cxf-rt-ws-security-3.3.0.jar:/home/naharasoftsas/.m2/repository/org/apache/cxf/cxf-core/3.3.0/cxf-core-3.3.0.jar:/home/naharasoftsas/.m2/repository/com/fasterxml/woodstox/woodstox-core/5.0.3/woodstox-core-5.0.3.jar:/home/naharasoftsas/.m2/repository/org/codehaus/woodstox/stax2-api/3.1.4/stax2-api-3.1.4.jar:/home/naharasoftsas/.m2/repository/org/apache/ws/xmlschema/xmlschema-core/2.2.4/xmlschema-core-2.2.4.jar:/home/naharasoftsas/.m2/repository/org/glassfish/jaxb/jaxb-xjc/2.3.7/jaxb-xjc-2.3.7.jar:/home/naharasoftsas/.m2/repository/org/glassfish/jaxb/xsom/2.3.7/xsom-2.3.7.jar:/home/naharasoftsas/.m2/repository/com/sun/xml/bind/external/relaxng-datatype/2.3.7/relaxng-datatype-2.3.7.jar:/home/naharasoftsas/.m2/repository/org/glassfish/jaxb/codemodel/2.3.7/codemodel-2.3.7.jar:/home/naharasoftsas/.m2/repository/com/sun/xml/bind/external/rngom/2.3.7/rngom-2.3.7.jar:/home/naharasoftsas/.m2/repository/com/sun/xml/dtd-parser/dtd-parser/1.4.5/dtd-parser-1.4.5.jar:/home/naharasoftsas/.m2/repository/com/sun/istack/istack-commons-tools/3.0.12/istack-commons-tools-3.0.12.jar:/home/naharasoftsas/.m2/repository/org/apache/cxf/cxf-rt-bindings-soap/3.3.0/cxf-rt-bindings-soap-3.3.0.jar:/home/naharasoftsas/.m2/repository/org/apache/cxf/cxf-rt-wsdl/3.3.0/cxf-rt-wsdl-3.3.0.jar:/home/naharasoftsas/.m2/repository/wsdl4j/wsdl4j/1.6.3/wsdl4j-1.6.3.jar:/home/naharasoftsas/.m2/repository/org/apache/cxf/cxf-rt-databinding-jaxb/3.3.0/cxf-rt-databinding-jaxb-3.3.0.jar:/home/naharasoftsas/.m2/repository/org/apache/cxf/cxf-rt-security-saml/3.3.0/cxf-rt-security-saml-3.3.0.jar:/home/naharasoftsas/.m2/repository/org/apache/cxf/cxf-rt-security/3.3.0/cxf-rt-security-3.3.0.jar:/home/naharasoftsas/.m2/repository/net/sf/ehcache/ehcache/2.10.9.2/ehcache-2.10.9.2.jar:/home/naharasoftsas/.m2/repository/org/apache/wss4j/wss4j-ws-security-dom/2.2.2/wss4j-ws-security-dom-2.2.2.jar:/home/naharasoftsas/.m2/repository/org/apache/wss4j/wss4j-ws-security-common/2.2.2/wss4j-ws-security-common-2.2.2.jar:/home/naharasoftsas/.m2/repository/org/apache/santuario/xmlsec/2.1.2/xmlsec-2.1.2.jar:/home/naharasoftsas/.m2/repository/org/opensaml/opensaml-saml-impl/3.3.0/opensaml-saml-impl-3.3.0.jar:/home/naharasoftsas/.m2/repository/org/opensaml/opensaml-profile-api/3.3.0/opensaml-profile-api-3.3.0.jar:/home/naharasoftsas/.m2/repository/org/opensaml/opensaml-core/3.3.0/opensaml-core-3.3.0.jar:/home/naharasoftsas/.m2/repository/io/dropwizard/metrics/metrics-core/4.2.14/metrics-core-4.2.14.jar:/home/naharasoftsas/.m2/repository/org/opensaml/opensaml-saml-api/3.3.0/opensaml-saml-api-3.3.0.jar:/home/naharasoftsas/.m2/repository/org/opensaml/opensaml-xmlsec-api/3.3.0/opensaml-xmlsec-api-3.3.0.jar:/home/naharasoftsas/.m2/repository/org/opensaml/opensaml-soap-api/3.3.0/opensaml-soap-api-3.3.0.jar:/home/naharasoftsas/.m2/repository/org/opensaml/opensaml-security-impl/3.3.0/opensaml-security-impl-3.3.0.jar:/home/naharasoftsas/.m2/repository/org/opensaml/opensaml-security-api/3.3.0/opensaml-security-api-3.3.0.jar:/home/naharasoftsas/.m2/repository/org/cryptacular/cryptacular/1.1.1/cryptacular-1.1.1.jar:/home/naharasoftsas/.m2/repository/org/bouncycastle/bcprov-jdk15on/1.54/bcprov-jdk15on-1.54.jar:/home/naharasoftsas/.m2/repository/org/opensaml/opensaml-xmlsec-impl/3.3.0/opensaml-xmlsec-impl-3.3.0.jar:/home/naharasoftsas/.m2/repository/net/shibboleth/utilities/java-support/7.3.0/java-support-7.3.0.jar:/home/naharasoftsas/.m2/repository/com/google/guava/guava/19.0/guava-19.0.jar:/home/naharasoftsas/.m2/repository/joda-time/joda-time/2.9/joda-time-2.9.jar:/home/naharasoftsas/.m2/repository/org/opensaml/opensaml-xacml-impl/3.3.0/opensaml-xacml-impl-3.3.0.jar:/home/naharasoftsas/.m2/repository/org/opensaml/opensaml-xacml-api/3.3.0/opensaml-xacml-api-3.3.0.jar:/home/naharasoftsas/.m2/repository/org/opensaml/opensaml-xacml-saml-impl/3.3.0/opensaml-xacml-saml-impl-3.3.0.jar:/home/naharasoftsas/.m2/repository/org/opensaml/opensaml-xacml-saml-api/3.3.0/opensaml-xacml-saml-api-3.3.0.jar:/home/naharasoftsas/.m2/repository/org/jasypt/jasypt/1.9.2/jasypt-1.9.2.jar:/home/naharasoftsas/.m2/repository/org/apache/geronimo/javamail/geronimo-javamail_1.4_mail/1.8.4/geronimo-javamail_1.4_mail-1.8.4.jar:/home/naharasoftsas/.m2/repository/org/apache/wss4j/wss4j-policy/2.2.2/wss4j-policy-2.2.2.jar:/home/naharasoftsas/.m2/repository/org/apache/neethi/neethi/3.1.1/neethi-3.1.1.jar:/home/naharasoftsas/.m2/repository/org/codehaus/woodstox/woodstox-core-asl/4.4.1/woodstox-core-asl-4.4.1.jar:/home/naharasoftsas/.m2/repository/javax/xml/stream/stax-api/1.0-2/stax-api-1.0-2.jar:/home/naharasoftsas/.m2/repository/org/apache/wss4j/wss4j-ws-security-stax/2.2.2/wss4j-ws-security-stax-2.2.2.jar:/home/naharasoftsas/.m2/repository/org/apache/wss4j/wss4j-bindings/2.2.2/wss4j-bindings-2.2.2.jar:/home/naharasoftsas/.m2/repository/org/apache/wss4j/wss4j-ws-security-policy-stax/2.2.2/wss4j-ws-security-policy-stax-2.2.2.jar:/home/naharasoftsas/.m2/repository/javax/xml/bind/jaxb-api/2.3.0/jaxb-api-2.3.0.jar:/home/naharasoftsas/.m2/repository/com/google/code/gson/gson/2.9.1/gson-2.9.1.jar:/home/naharasoftsas/.m2/repository/org/json/json/20210307/json-20210307.jar:/home/naharasoftsas/.m2/repository/org/springdoc/springdoc-openapi-ui/1.6.7/springdoc-openapi-ui-1.6.7.jar:/home/naharasoftsas/.m2/repository/org/springdoc/springdoc-openapi-webmvc-core/1.6.7/springdoc-openapi-webmvc-core-1.6.7.jar:/home/naharasoftsas/.m2/repository/org/springdoc/springdoc-openapi-common/1.6.7/springdoc-openapi-common-1.6.7.jar:/home/naharasoftsas/.m2/repository/io/swagger/core/v3/swagger-core/2.2.0/swagger-core-2.2.0.jar:/home/naharasoftsas/.m2/repository/com/fasterxml/jackson/dataformat/jackson-dataformat-yaml/2.13.4/jackson-dataformat-yaml-2.13.4.jar:/home/naharasoftsas/.m2/repository/io/swagger/core/v3/swagger-annotations/2.2.0/swagger-annotations-2.2.0.jar:/home/naharasoftsas/.m2/repository/io/swagger/core/v3/swagger-models/2.2.0/swagger-models-2.2.0.jar:/home/naharasoftsas/.m2/repository/org/webjars/swagger-ui/4.10.3/swagger-ui-4.10.3.jar:/home/naharasoftsas/.m2/repository/org/webjars/webjars-locator-core/0.50/webjars-locator-core-0.50.jar:/home/naharasoftsas/.m2/repository/com/fasterxml/jackson/core/jackson-core/2.13.4/jackson-core-2.13.4.jar:/home/naharasoftsas/.m2/repository/io/github/classgraph/classgraph/4.8.143/classgraph-4.8.143.jar:/home/naharasoftsas/.m2/repository/javax/ejb/javax.ejb-api/3.2/javax.ejb-api-3.2.jar:/home/naharasoftsas/.m2/repository/javax/transaction/javax.transaction-api/1.3/javax.transaction-api-1.3.jar:/home/naharasoftsas/.m2/repository/io/jsonwebtoken/jjwt-api/0.11.5/jjwt-api-0.11.5.jar:/home/naharasoftsas/.m2/repository/io/jsonwebtoken/jjwt-impl/0.11.5/jjwt-impl-0.11.5.jar:/home/naharasoftsas/.m2/repository/io/jsonwebtoken/jjwt-jackson/0.11.5/jjwt-jackson-0.11.5.jar:/home/naharasoftsas/.m2/repository/com/fasterxml/jackson/core/jackson-databind/2.13.4.2/jackson-databind-2.13.4.2.jar:/home/naharasoftsas/.m2/repository/com/fasterxml/jackson/core/jackson-annotations/2.13.4/jackson-annotations-2.13.4.jar:/home/naharasoftsas/.m2/repository/org/apache/commons/commons-lang3/3.12.0/commons-lang3-3.12.0.jar:/home/naharasoftsas/.m2/repository/commons-codec/commons-codec/1.15/commons-codec-1.15.jar:/home/naharasoftsas/.m2/repository/commons-io/commons-io/2.11.0/commons-io-2.11.0.jar:"/>
    <property name="java.vm.vendor" value="Eclipse Adoptium"/>
    <property name="sun.arch.data.model" value="64"/>
    <property name="swing.aatext" value="true"/>
    <property name="java.vendor.url" value="https://adoptium.net/"/>
    <property name="os.name" value="Linux"/>
    <property name="java.vm.specification.version" value="17"/>
    <property name="sun.java.launcher" value="SUN_STANDARD"/>
    <property name="user.country" value="US"/>
    <property name="sun.boot.library.path" value="/opt/SpringTools4.16/plugins/org.eclipse.justj.openjdk.hotspot.jre.full.linux.x86_64_17.0.4.v20220903-1038/jre/lib"/>
    <property name="sun.java.command" value="/var/www/html/gml/format-crud-backend/target/surefire/surefirebooter15981104541531920880.jar /var/www/html/gml/format-crud-backend/target/surefire 2024-11-27T02-30-34_121-jvmRun1 surefire7453760186990529249tmp surefire_09909764148410452966tmp"/>
    <property name="jdk.debug" value="release"/>
    <property name="surefire.test.class.path" value="/var/www/html/gml/format-crud-backend/target/test-classes:/var/www/html/gml/format-crud-backend/target/classes:/home/naharasoftsas/.m2/repository/org/springframework/boot/spring-boot-starter-data-jdbc/2.7.7/spring-boot-starter-data-jdbc-2.7.7.jar:/home/naharasoftsas/.m2/repository/org/springframework/boot/spring-boot-starter-jdbc/2.7.7/spring-boot-starter-jdbc-2.7.7.jar:/home/naharasoftsas/.m2/repository/com/zaxxer/HikariCP/4.0.3/HikariCP-4.0.3.jar:/home/naharasoftsas/.m2/repository/org/springframework/spring-jdbc/5.3.24/spring-jdbc-5.3.24.jar:/home/naharasoftsas/.m2/repository/org/springframework/data/spring-data-jdbc/2.4.6/spring-data-jdbc-2.4.6.jar:/home/naharasoftsas/.m2/repository/org/springframework/data/spring-data-relational/2.4.6/spring-data-relational-2.4.6.jar:/home/naharasoftsas/.m2/repository/org/springframework/data/spring-data-commons/2.7.6/spring-data-commons-2.7.6.jar:/home/naharasoftsas/.m2/repository/org/springframework/spring-tx/5.3.24/spring-tx-5.3.24.jar:/home/naharasoftsas/.m2/repository/org/springframework/spring-context/5.3.24/spring-context-5.3.24.jar:/home/naharasoftsas/.m2/repository/org/springframework/spring-beans/5.3.24/spring-beans-5.3.24.jar:/home/naharasoftsas/.m2/repository/org/slf4j/slf4j-api/1.7.36/slf4j-api-1.7.36.jar:/home/naharasoftsas/.m2/repository/org/springframework/boot/spring-boot-starter-data-jpa/2.7.7/spring-boot-starter-data-jpa-2.7.7.jar:/home/naharasoftsas/.m2/repository/org/springframework/boot/spring-boot-starter-aop/2.7.7/spring-boot-starter-aop-2.7.7.jar:/home/naharasoftsas/.m2/repository/org/aspectj/aspectjweaver/1.9.7/aspectjweaver-1.9.7.jar:/home/naharasoftsas/.m2/repository/jakarta/transaction/jakarta.transaction-api/1.3.3/jakarta.transaction-api-1.3.3.jar:/home/naharasoftsas/.m2/repository/jakarta/persistence/jakarta.persistence-api/2.2.3/jakarta.persistence-api-2.2.3.jar:/home/naharasoftsas/.m2/repository/org/hibernate/hibernate-core/5.6.14.Final/hibernate-core-5.6.14.Final.jar:/home/naharasoftsas/.m2/repository/org/jboss/logging/jboss-logging/3.4.3.Final/jboss-logging-3.4.3.Final.jar:/home/naharasoftsas/.m2/repository/net/bytebuddy/byte-buddy/1.12.20/byte-buddy-1.12.20.jar:/home/naharasoftsas/.m2/repository/antlr/antlr/2.7.7/antlr-2.7.7.jar:/home/naharasoftsas/.m2/repository/org/jboss/jandex/2.4.2.Final/jandex-2.4.2.Final.jar:/home/naharasoftsas/.m2/repository/com/fasterxml/classmate/1.5.1/classmate-1.5.1.jar:/home/naharasoftsas/.m2/repository/org/hibernate/common/hibernate-commons-annotations/5.1.2.Final/hibernate-commons-annotations-5.1.2.Final.jar:/home/naharasoftsas/.m2/repository/org/glassfish/jaxb/jaxb-runtime/2.3.7/jaxb-runtime-2.3.7.jar:/home/naharasoftsas/.m2/repository/org/glassfish/jaxb/txw2/2.3.7/txw2-2.3.7.jar:/home/naharasoftsas/.m2/repository/com/sun/istack/istack-commons-runtime/3.0.12/istack-commons-runtime-3.0.12.jar:/home/naharasoftsas/.m2/repository/org/springframework/data/spring-data-jpa/2.7.6/spring-data-jpa-2.7.6.jar:/home/naharasoftsas/.m2/repository/org/springframework/spring-orm/5.3.24/spring-orm-5.3.24.jar:/home/naharasoftsas/.m2/repository/org/springframework/spring-aspects/5.3.24/spring-aspects-5.3.24.jar:/home/naharasoftsas/.m2/repository/org/springframework/boot/spring-boot-starter-web/2.7.7/spring-boot-starter-web-2.7.7.jar:/home/naharasoftsas/.m2/repository/org/springframework/boot/spring-boot-starter/2.7.7/spring-boot-starter-2.7.7.jar:/home/naharasoftsas/.m2/repository/org/springframework/boot/spring-boot-starter-logging/2.7.7/spring-boot-starter-logging-2.7.7.jar:/home/naharasoftsas/.m2/repository/ch/qos/logback/logback-classic/1.2.11/logback-classic-1.2.11.jar:/home/naharasoftsas/.m2/repository/ch/qos/logback/logback-core/1.2.11/logback-core-1.2.11.jar:/home/naharasoftsas/.m2/repository/org/apache/logging/log4j/log4j-to-slf4j/2.17.2/log4j-to-slf4j-2.17.2.jar:/home/naharasoftsas/.m2/repository/org/apache/logging/log4j/log4j-api/2.17.2/log4j-api-2.17.2.jar:/home/naharasoftsas/.m2/repository/org/slf4j/jul-to-slf4j/1.7.36/jul-to-slf4j-1.7.36.jar:/home/naharasoftsas/.m2/repository/org/yaml/snakeyaml/1.30/snakeyaml-1.30.jar:/home/naharasoftsas/.m2/repository/org/springframework/boot/spring-boot-starter-json/2.7.7/spring-boot-starter-json-2.7.7.jar:/home/naharasoftsas/.m2/repository/com/fasterxml/jackson/datatype/jackson-datatype-jdk8/2.13.4/jackson-datatype-jdk8-2.13.4.jar:/home/naharasoftsas/.m2/repository/com/fasterxml/jackson/datatype/jackson-datatype-jsr310/2.13.4/jackson-datatype-jsr310-2.13.4.jar:/home/naharasoftsas/.m2/repository/com/fasterxml/jackson/module/jackson-module-parameter-names/2.13.4/jackson-module-parameter-names-2.13.4.jar:/home/naharasoftsas/.m2/repository/org/springframework/spring-web/5.3.24/spring-web-5.3.24.jar:/home/naharasoftsas/.m2/repository/org/springframework/spring-webmvc/5.3.24/spring-webmvc-5.3.24.jar:/home/naharasoftsas/.m2/repository/org/springframework/spring-expression/5.3.24/spring-expression-5.3.24.jar:/home/naharasoftsas/.m2/repository/org/springframework/boot/spring-boot-devtools/2.7.7/spring-boot-devtools-2.7.7.jar:/home/naharasoftsas/.m2/repository/org/springframework/boot/spring-boot/2.7.7/spring-boot-2.7.7.jar:/home/naharasoftsas/.m2/repository/org/springframework/boot/spring-boot-autoconfigure/2.7.7/spring-boot-autoconfigure-2.7.7.jar:/home/naharasoftsas/.m2/repository/org/postgresql/postgresql/42.3.8/postgresql-42.3.8.jar:/home/naharasoftsas/.m2/repository/org/checkerframework/checker-qual/3.5.0/checker-qual-3.5.0.jar:/home/naharasoftsas/.m2/repository/org/springframework/boot/spring-boot-configuration-processor/2.7.7/spring-boot-configuration-processor-2.7.7.jar:/home/naharasoftsas/.m2/repository/org/projectlombok/lombok/1.18.24/lombok-1.18.24.jar:/home/naharasoftsas/.m2/repository/org/springframework/boot/spring-boot-starter-tomcat/2.7.7/spring-boot-starter-tomcat-2.7.7.jar:/home/naharasoftsas/.m2/repository/jakarta/annotation/jakarta.annotation-api/1.3.5/jakarta.annotation-api-1.3.5.jar:/home/naharasoftsas/.m2/repository/org/apache/tomcat/embed/tomcat-embed-core/9.0.70/tomcat-embed-core-9.0.70.jar:/home/naharasoftsas/.m2/repository/org/apache/tomcat/embed/tomcat-embed-el/9.0.70/tomcat-embed-el-9.0.70.jar:/home/naharasoftsas/.m2/repository/org/apache/tomcat/embed/tomcat-embed-websocket/9.0.70/tomcat-embed-websocket-9.0.70.jar:/home/naharasoftsas/.m2/repository/org/springframework/boot/spring-boot-starter-test/2.7.7/spring-boot-starter-test-2.7.7.jar:/home/naharasoftsas/.m2/repository/org/springframework/boot/spring-boot-test/2.7.7/spring-boot-test-2.7.7.jar:/home/naharasoftsas/.m2/repository/org/springframework/boot/spring-boot-test-autoconfigure/2.7.7/spring-boot-test-autoconfigure-2.7.7.jar:/home/naharasoftsas/.m2/repository/com/jayway/jsonpath/json-path/2.7.0/json-path-2.7.0.jar:/home/naharasoftsas/.m2/repository/net/minidev/json-smart/2.4.8/json-smart-2.4.8.jar:/home/naharasoftsas/.m2/repository/net/minidev/accessors-smart/2.4.8/accessors-smart-2.4.8.jar:/home/naharasoftsas/.m2/repository/jakarta/xml/bind/jakarta.xml.bind-api/2.3.3/jakarta.xml.bind-api-2.3.3.jar:/home/naharasoftsas/.m2/repository/jakarta/activation/jakarta.activation-api/1.2.2/jakarta.activation-api-1.2.2.jar:/home/naharasoftsas/.m2/repository/org/assertj/assertj-core/3.22.0/assertj-core-3.22.0.jar:/home/naharasoftsas/.m2/repository/org/hamcrest/hamcrest/2.2/hamcrest-2.2.jar:/home/naharasoftsas/.m2/repository/org/junit/jupiter/junit-jupiter/5.8.2/junit-jupiter-5.8.2.jar:/home/naharasoftsas/.m2/repository/org/junit/jupiter/junit-jupiter-api/5.8.2/junit-jupiter-api-5.8.2.jar:/home/naharasoftsas/.m2/repository/org/opentest4j/opentest4j/1.2.0/opentest4j-1.2.0.jar:/home/naharasoftsas/.m2/repository/org/junit/platform/junit-platform-commons/1.8.2/junit-platform-commons-1.8.2.jar:/home/naharasoftsas/.m2/repository/org/apiguardian/apiguardian-api/1.1.2/apiguardian-api-1.1.2.jar:/home/naharasoftsas/.m2/repository/org/junit/jupiter/junit-jupiter-params/5.8.2/junit-jupiter-params-5.8.2.jar:/home/naharasoftsas/.m2/repository/org/junit/jupiter/junit-jupiter-engine/5.8.2/junit-jupiter-engine-5.8.2.jar:/home/naharasoftsas/.m2/repository/org/junit/platform/junit-platform-engine/1.8.2/junit-platform-engine-1.8.2.jar:/home/naharasoftsas/.m2/repository/org/mockito/mockito-core/4.5.1/mockito-core-4.5.1.jar:/home/naharasoftsas/.m2/repository/net/bytebuddy/byte-buddy-agent/1.12.20/byte-buddy-agent-1.12.20.jar:/home/naharasoftsas/.m2/repository/org/objenesis/objenesis/3.2/objenesis-3.2.jar:/home/naharasoftsas/.m2/repository/org/mockito/mockito-junit-jupiter/4.5.1/mockito-junit-jupiter-4.5.1.jar:/home/naharasoftsas/.m2/repository/org/skyscreamer/jsonassert/1.5.1/jsonassert-1.5.1.jar:/home/naharasoftsas/.m2/repository/com/vaadin/external/google/android-json/0.0.20131108.vaadin1/android-json-0.0.20131108.vaadin1.jar:/home/naharasoftsas/.m2/repository/org/springframework/spring-core/5.3.24/spring-core-5.3.24.jar:/home/naharasoftsas/.m2/repository/org/springframework/spring-jcl/5.3.24/spring-jcl-5.3.24.jar:/home/naharasoftsas/.m2/repository/org/springframework/spring-test/5.3.24/spring-test-5.3.24.jar:/home/naharasoftsas/.m2/repository/org/xmlunit/xmlunit-core/2.9.0/xmlunit-core-2.9.0.jar:/home/naharasoftsas/.m2/repository/org/springframework/boot/spring-boot-starter-security/2.7.7/spring-boot-starter-security-2.7.7.jar:/home/naharasoftsas/.m2/repository/org/springframework/spring-aop/5.3.24/spring-aop-5.3.24.jar:/home/naharasoftsas/.m2/repository/org/springframework/security/spring-security-config/5.7.6/spring-security-config-5.7.6.jar:/home/naharasoftsas/.m2/repository/org/springframework/security/spring-security-core/5.7.6/spring-security-core-5.7.6.jar:/home/naharasoftsas/.m2/repository/org/springframework/security/spring-security-crypto/5.7.6/spring-security-crypto-5.7.6.jar:/home/naharasoftsas/.m2/repository/org/springframework/security/spring-security-web/5.7.6/spring-security-web-5.7.6.jar:/home/naharasoftsas/.m2/repository/org/springframework/boot/spring-boot-starter-web-services/2.7.7/spring-boot-starter-web-services-2.7.7.jar:/home/naharasoftsas/.m2/repository/com/sun/xml/messaging/saaj/saaj-impl/1.5.3/saaj-impl-1.5.3.jar:/home/naharasoftsas/.m2/repository/jakarta/xml/soap/jakarta.xml.soap-api/1.4.2/jakarta.xml.soap-api-1.4.2.jar:/home/naharasoftsas/.m2/repository/org/jvnet/staxex/stax-ex/1.8.3/stax-ex-1.8.3.jar:/home/naharasoftsas/.m2/repository/com/sun/activation/jakarta.activation/1.2.2/jakarta.activation-1.2.2.jar:/home/naharasoftsas/.m2/repository/jakarta/xml/ws/jakarta.xml.ws-api/2.3.3/jakarta.xml.ws-api-2.3.3.jar:/home/naharasoftsas/.m2/repository/jakarta/jws/jakarta.jws-api/2.1.0/jakarta.jws-api-2.1.0.jar:/home/naharasoftsas/.m2/repository/org/springframework/spring-oxm/5.3.24/spring-oxm-5.3.24.jar:/home/naharasoftsas/.m2/repository/org/springframework/ws/spring-ws-core/3.1.4/spring-ws-core-3.1.4.jar:/home/naharasoftsas/.m2/repository/org/springframework/ws/spring-xml/3.1.4/spring-xml-3.1.4.jar:/home/naharasoftsas/.m2/repository/org/springframework/boot/spring-boot-starter-validation/2.7.7/spring-boot-starter-validation-2.7.7.jar:/home/naharasoftsas/.m2/repository/org/hibernate/validator/hibernate-validator/6.2.5.Final/hibernate-validator-6.2.5.Final.jar:/home/naharasoftsas/.m2/repository/jakarta/validation/jakarta.validation-api/2.0.2/jakarta.validation-api-2.0.2.jar:/home/naharasoftsas/.m2/repository/org/springframework/boot/spring-boot-starter-thymeleaf/2.7.7/spring-boot-starter-thymeleaf-2.7.7.jar:/home/naharasoftsas/.m2/repository/org/thymeleaf/thymeleaf-spring5/3.0.15.RELEASE/thymeleaf-spring5-3.0.15.RELEASE.jar:/home/naharasoftsas/.m2/repository/org/thymeleaf/thymeleaf/3.0.15.RELEASE/thymeleaf-3.0.15.RELEASE.jar:/home/naharasoftsas/.m2/repository/org/attoparser/attoparser/2.0.5.RELEASE/attoparser-2.0.5.RELEASE.jar:/home/naharasoftsas/.m2/repository/org/unbescape/unbescape/1.1.6.RELEASE/unbescape-1.1.6.RELEASE.jar:/home/naharasoftsas/.m2/repository/org/thymeleaf/extras/thymeleaf-extras-java8time/3.0.4.RELEASE/thymeleaf-extras-java8time-3.0.4.RELEASE.jar:/home/naharasoftsas/.m2/repository/org/apache/cxf/cxf-spring-boot-starter-jaxws/3.3.0/cxf-spring-boot-starter-jaxws-3.3.0.jar:/home/naharasoftsas/.m2/repository/org/apache/cxf/cxf-spring-boot-autoconfigure/3.3.0/cxf-spring-boot-autoconfigure-3.3.0.jar:/home/naharasoftsas/.m2/repository/org/apache/cxf/cxf-rt-transports-http/3.3.0/cxf-rt-transports-http-3.3.0.jar:/home/naharasoftsas/.m2/repository/org/apache/cxf/cxf-rt-frontend-jaxws/3.3.0/cxf-rt-frontend-jaxws-3.3.0.jar:/home/naharasoftsas/.m2/repository/xml-resolver/xml-resolver/1.2/xml-resolver-1.2.jar:/home/naharasoftsas/.m2/repository/org/ow2/asm/asm/7.0/asm-7.0.jar:/home/naharasoftsas/.m2/repository/org/apache/cxf/cxf-rt-bindings-xml/3.3.0/cxf-rt-bindings-xml-3.3.0.jar:/home/naharasoftsas/.m2/repository/org/apache/cxf/cxf-rt-frontend-simple/3.3.0/cxf-rt-frontend-simple-3.3.0.jar:/home/naharasoftsas/.m2/repository/org/apache/cxf/cxf-rt-ws-addr/3.3.0/cxf-rt-ws-addr-3.3.0.jar:/home/naharasoftsas/.m2/repository/org/apache/cxf/cxf-rt-ws-policy/3.3.0/cxf-rt-ws-policy-3.3.0.jar:/home/naharasoftsas/.m2/repository/javax/validation/validation-api/2.0.1.Final/validation-api-2.0.1.Final.jar:/home/naharasoftsas/.m2/repository/javax/annotation/javax.annotation-api/1.3.2/javax.annotation-api-1.3.2.jar:/home/naharasoftsas/.m2/repository/javax/xml/ws/jaxws-api/2.3.1/jaxws-api-2.3.1.jar:/home/naharasoftsas/.m2/repository/javax/xml/soap/javax.xml.soap-api/1.4.0/javax.xml.soap-api-1.4.0.jar:/home/naharasoftsas/.m2/repository/com/sun/activation/javax.activation/1.2.0/javax.activation-1.2.0.jar:/home/naharasoftsas/.m2/repository/org/apache/geronimo/specs/geronimo-ws-metadata_2.0_spec/1.1.3/geronimo-ws-metadata_2.0_spec-1.1.3.jar:/home/naharasoftsas/.m2/repository/org/apache/geronimo/specs/geronimo-jta_1.1_spec/1.1.1/geronimo-jta_1.1_spec-1.1.1.jar:/home/naharasoftsas/.m2/repository/org/jboss/spec/javax/rmi/jboss-rmi-api_1.0_spec/1.0.6.Final/jboss-rmi-api_1.0_spec-1.0.6.Final.jar:/home/naharasoftsas/.m2/repository/org/apache/cxf/cxf-rt-ws-security/3.3.0/cxf-rt-ws-security-3.3.0.jar:/home/naharasoftsas/.m2/repository/org/apache/cxf/cxf-core/3.3.0/cxf-core-3.3.0.jar:/home/naharasoftsas/.m2/repository/com/fasterxml/woodstox/woodstox-core/5.0.3/woodstox-core-5.0.3.jar:/home/naharasoftsas/.m2/repository/org/codehaus/woodstox/stax2-api/3.1.4/stax2-api-3.1.4.jar:/home/naharasoftsas/.m2/repository/org/apache/ws/xmlschema/xmlschema-core/2.2.4/xmlschema-core-2.2.4.jar:/home/naharasoftsas/.m2/repository/org/glassfish/jaxb/jaxb-xjc/2.3.7/jaxb-xjc-2.3.7.jar:/home/naharasoftsas/.m2/repository/org/glassfish/jaxb/xsom/2.3.7/xsom-2.3.7.jar:/home/naharasoftsas/.m2/repository/com/sun/xml/bind/external/relaxng-datatype/2.3.7/relaxng-datatype-2.3.7.jar:/home/naharasoftsas/.m2/repository/org/glassfish/jaxb/codemodel/2.3.7/codemodel-2.3.7.jar:/home/naharasoftsas/.m2/repository/com/sun/xml/bind/external/rngom/2.3.7/rngom-2.3.7.jar:/home/naharasoftsas/.m2/repository/com/sun/xml/dtd-parser/dtd-parser/1.4.5/dtd-parser-1.4.5.jar:/home/naharasoftsas/.m2/repository/com/sun/istack/istack-commons-tools/3.0.12/istack-commons-tools-3.0.12.jar:/home/naharasoftsas/.m2/repository/org/apache/cxf/cxf-rt-bindings-soap/3.3.0/cxf-rt-bindings-soap-3.3.0.jar:/home/naharasoftsas/.m2/repository/org/apache/cxf/cxf-rt-wsdl/3.3.0/cxf-rt-wsdl-3.3.0.jar:/home/naharasoftsas/.m2/repository/wsdl4j/wsdl4j/1.6.3/wsdl4j-1.6.3.jar:/home/naharasoftsas/.m2/repository/org/apache/cxf/cxf-rt-databinding-jaxb/3.3.0/cxf-rt-databinding-jaxb-3.3.0.jar:/home/naharasoftsas/.m2/repository/org/apache/cxf/cxf-rt-security-saml/3.3.0/cxf-rt-security-saml-3.3.0.jar:/home/naharasoftsas/.m2/repository/org/apache/cxf/cxf-rt-security/3.3.0/cxf-rt-security-3.3.0.jar:/home/naharasoftsas/.m2/repository/net/sf/ehcache/ehcache/2.10.9.2/ehcache-2.10.9.2.jar:/home/naharasoftsas/.m2/repository/org/apache/wss4j/wss4j-ws-security-dom/2.2.2/wss4j-ws-security-dom-2.2.2.jar:/home/naharasoftsas/.m2/repository/org/apache/wss4j/wss4j-ws-security-common/2.2.2/wss4j-ws-security-common-2.2.2.jar:/home/naharasoftsas/.m2/repository/org/apache/santuario/xmlsec/2.1.2/xmlsec-2.1.2.jar:/home/naharasoftsas/.m2/repository/org/opensaml/opensaml-saml-impl/3.3.0/opensaml-saml-impl-3.3.0.jar:/home/naharasoftsas/.m2/repository/org/opensaml/opensaml-profile-api/3.3.0/opensaml-profile-api-3.3.0.jar:/home/naharasoftsas/.m2/repository/org/opensaml/opensaml-core/3.3.0/opensaml-core-3.3.0.jar:/home/naharasoftsas/.m2/repository/io/dropwizard/metrics/metrics-core/4.2.14/metrics-core-4.2.14.jar:/home/naharasoftsas/.m2/repository/org/opensaml/opensaml-saml-api/3.3.0/opensaml-saml-api-3.3.0.jar:/home/naharasoftsas/.m2/repository/org/opensaml/opensaml-xmlsec-api/3.3.0/opensaml-xmlsec-api-3.3.0.jar:/home/naharasoftsas/.m2/repository/org/opensaml/opensaml-soap-api/3.3.0/opensaml-soap-api-3.3.0.jar:/home/naharasoftsas/.m2/repository/org/opensaml/opensaml-security-impl/3.3.0/opensaml-security-impl-3.3.0.jar:/home/naharasoftsas/.m2/repository/org/opensaml/opensaml-security-api/3.3.0/opensaml-security-api-3.3.0.jar:/home/naharasoftsas/.m2/repository/org/cryptacular/cryptacular/1.1.1/cryptacular-1.1.1.jar:/home/naharasoftsas/.m2/repository/org/bouncycastle/bcprov-jdk15on/1.54/bcprov-jdk15on-1.54.jar:/home/naharasoftsas/.m2/repository/org/opensaml/opensaml-xmlsec-impl/3.3.0/opensaml-xmlsec-impl-3.3.0.jar:/home/naharasoftsas/.m2/repository/net/shibboleth/utilities/java-support/7.3.0/java-support-7.3.0.jar:/home/naharasoftsas/.m2/repository/com/google/guava/guava/19.0/guava-19.0.jar:/home/naharasoftsas/.m2/repository/joda-time/joda-time/2.9/joda-time-2.9.jar:/home/naharasoftsas/.m2/repository/org/opensaml/opensaml-xacml-impl/3.3.0/opensaml-xacml-impl-3.3.0.jar:/home/naharasoftsas/.m2/repository/org/opensaml/opensaml-xacml-api/3.3.0/opensaml-xacml-api-3.3.0.jar:/home/naharasoftsas/.m2/repository/org/opensaml/opensaml-xacml-saml-impl/3.3.0/opensaml-xacml-saml-impl-3.3.0.jar:/home/naharasoftsas/.m2/repository/org/opensaml/opensaml-xacml-saml-api/3.3.0/opensaml-xacml-saml-api-3.3.0.jar:/home/naharasoftsas/.m2/repository/org/jasypt/jasypt/1.9.2/jasypt-1.9.2.jar:/home/naharasoftsas/.m2/repository/org/apache/geronimo/javamail/geronimo-javamail_1.4_mail/1.8.4/geronimo-javamail_1.4_mail-1.8.4.jar:/home/naharasoftsas/.m2/repository/org/apache/wss4j/wss4j-policy/2.2.2/wss4j-policy-2.2.2.jar:/home/naharasoftsas/.m2/repository/org/apache/neethi/neethi/3.1.1/neethi-3.1.1.jar:/home/naharasoftsas/.m2/repository/org/codehaus/woodstox/woodstox-core-asl/4.4.1/woodstox-core-asl-4.4.1.jar:/home/naharasoftsas/.m2/repository/javax/xml/stream/stax-api/1.0-2/stax-api-1.0-2.jar:/home/naharasoftsas/.m2/repository/org/apache/wss4j/wss4j-ws-security-stax/2.2.2/wss4j-ws-security-stax-2.2.2.jar:/home/naharasoftsas/.m2/repository/org/apache/wss4j/wss4j-bindings/2.2.2/wss4j-bindings-2.2.2.jar:/home/naharasoftsas/.m2/repository/org/apache/wss4j/wss4j-ws-security-policy-stax/2.2.2/wss4j-ws-security-policy-stax-2.2.2.jar:/home/naharasoftsas/.m2/repository/javax/xml/bind/jaxb-api/2.3.0/jaxb-api-2.3.0.jar:/home/naharasoftsas/.m2/repository/com/google/code/gson/gson/2.9.1/gson-2.9.1.jar:/home/naharasoftsas/.m2/repository/org/json/json/20210307/json-20210307.jar:/home/naharasoftsas/.m2/repository/org/springdoc/springdoc-openapi-ui/1.6.7/springdoc-openapi-ui-1.6.7.jar:/home/naharasoftsas/.m2/repository/org/springdoc/springdoc-openapi-webmvc-core/1.6.7/springdoc-openapi-webmvc-core-1.6.7.jar:/home/naharasoftsas/.m2/repository/org/springdoc/springdoc-openapi-common/1.6.7/springdoc-openapi-common-1.6.7.jar:/home/naharasoftsas/.m2/repository/io/swagger/core/v3/swagger-core/2.2.0/swagger-core-2.2.0.jar:/home/naharasoftsas/.m2/repository/com/fasterxml/jackson/dataformat/jackson-dataformat-yaml/2.13.4/jackson-dataformat-yaml-2.13.4.jar:/home/naharasoftsas/.m2/repository/io/swagger/core/v3/swagger-annotations/2.2.0/swagger-annotations-2.2.0.jar:/home/naharasoftsas/.m2/repository/io/swagger/core/v3/swagger-models/2.2.0/swagger-models-2.2.0.jar:/home/naharasoftsas/.m2/repository/org/webjars/swagger-ui/4.10.3/swagger-ui-4.10.3.jar:/home/naharasoftsas/.m2/repository/org/webjars/webjars-locator-core/0.50/webjars-locator-core-0.50.jar:/home/naharasoftsas/.m2/repository/com/fasterxml/jackson/core/jackson-core/2.13.4/jackson-core-2.13.4.jar:/home/naharasoftsas/.m2/repository/io/github/classgraph/classgraph/4.8.143/classgraph-4.8.143.jar:/home/naharasoftsas/.m2/repository/javax/ejb/javax.ejb-api/3.2/javax.ejb-api-3.2.jar:/home/naharasoftsas/.m2/repository/javax/transaction/javax.transaction-api/1.3/javax.transaction-api-1.3.jar:/home/naharasoftsas/.m2/repository/io/jsonwebtoken/jjwt-api/0.11.5/jjwt-api-0.11.5.jar:/home/naharasoftsas/.m2/repository/io/jsonwebtoken/jjwt-impl/0.11.5/jjwt-impl-0.11.5.jar:/home/naharasoftsas/.m2/repository/io/jsonwebtoken/jjwt-jackson/0.11.5/jjwt-jackson-0.11.5.jar:/home/naharasoftsas/.m2/repository/com/fasterxml/jackson/core/jackson-databind/2.13.4.2/jackson-databind-2.13.4.2.jar:/home/naharasoftsas/.m2/repository/com/fasterxml/jackson/core/jackson-annotations/2.13.4/jackson-annotations-2.13.4.jar:/home/naharasoftsas/.m2/repository/org/apache/commons/commons-lang3/3.12.0/commons-lang3-3.12.0.jar:/home/naharasoftsas/.m2/repository/commons-codec/commons-codec/1.15/commons-codec-1.15.jar:/home/naharasoftsas/.m2/repository/commons-io/commons-io/2.11.0/commons-io-2.11.0.jar:"/>
    <property name="sun.cpu.endian" value="little"/>
    <property name="user.home" value="/home/naharasoftsas"/>
    <property name="user.language" value="en"/>
    <property name="java.specification.vendor" value="Oracle Corporation"/>
    <property name="java.version.date" value="2022-08-12"/>
    <property name="java.home" value="/opt/SpringTools4.16/plugins/org.eclipse.justj.openjdk.hotspot.jre.full.linux.x86_64_17.0.4.v20220903-1038/jre"/>
    <property name="file.separator" value="/"/>
    <property name="style.color" value="always"/>
    <property name="basedir" value="/var/www/html/gml/format-crud-backend"/>
    <property name="java.vm.compressedOopsMode" value="Zero based"/>
    <property name="line.separator" value="&#10;"/>
    <property name="java.vm.specification.vendor" value="Oracle Corporation"/>
    <property name="java.specification.name" value="Java Platform API Specification"/>
    <property name="surefire.real.class.path" value="/var/www/html/gml/format-crud-backend/target/surefire/surefirebooter15981104541531920880.jar"/>
    <property name="awt.useSystemAAFontSettings" value="on"/>
    <property name="sun.management.compiler" value="HotSpot 64-Bit Tiered Compilers"/>
    <property name="java.runtime.version" value="17.0.4.1+1"/>
    <property name="user.name" value="naharasoftsas"/>
    <property name="path.separator" value=":"/>
    <property name="os.version" value="6.1.0-kali9-amd64"/>
    <property name="java.runtime.name" value="OpenJDK Runtime Environment"/>
    <property name="file.encoding" value="UTF-8"/>
    <property name="java.vm.name" value="OpenJDK 64-Bit Server VM"/>
    <property name="java.vendor.version" value="Temurin-17.0.4.1+1"/>
    <property name="localRepository" value="/home/naharasoftsas/.m2/repository"/>
    <property name="java.vendor.url.bug" value="https://github.com/adoptium/adoptium-support/issues"/>
    <property name="java.io.tmpdir" value="/tmp"/>
    <property name="java.version" value="17.0.4.1"/>
    <property name="user.dir" value="/var/www/html/gml/format-crud-backend"/>
    <property name="os.arch" value="amd64"/>
    <property name="java.vm.specification.name" value="Java Virtual Machine Specification"/>
    <property name="native.encoding" value="UTF-8"/>
    <property name="java.library.path" value="/usr/java/packages/lib:/usr/lib64:/lib64:/lib:/usr/lib"/>
    <property name="java.vm.info" value="mixed mode"/>
    <property name="java.vendor" value="Eclipse Adoptium"/>
    <property name="java.vm.version" value="17.0.4.1+1"/>
    <property name="sun.io.unicode.encoding" value="UnicodeLittle"/>
    <property name="java.class.version" value="61.0"/>
  </properties>
  <testcase name="contextLoads" classname="com.bussiness.go.software.test.SoftwareApplicationTests" time="0.128"/>
</testsuite>