<?xml version="1.0" encoding="UTF-8"?>
<testsuite xmlns:xsi="http://www.w3.org/2001/XMLSchema-instance" xsi:noNamespaceSchemaLocation="https://maven.apache.org/surefire/maven-surefire-plugin/xsd/surefire-test-report.xsd" name="com.bussiness.go.software.test.SoftwareApplicationTests" time="3.922" tests="1" errors="1" skipped="0" failures="0">
  <properties>
    <property name="java.specification.version" value="17"/>
    <property name="sun.jnu.encoding" value="UTF-8"/>
    <property name="java.class.path" value="/var/www/html/gml/format-crud-backend/target/test-classes:/var/www/html/gml/format-crud-backend/target/classes:/home/naharasoftsas/.m2/repository/org/springframework/boot/spring-boot-starter-data-jdbc/2.7.7/spring-boot-starter-data-jdbc-2.7.7.jar:/home/naharasoftsas/.m2/repository/org/springframework/boot/spring-boot-starter-jdbc/2.7.7/spring-boot-starter-jdbc-2.7.7.jar:/home/naharasoftsas/.m2/repository/com/zaxxer/HikariCP/4.0.3/HikariCP-4.0.3.jar:/home/naharasoftsas/.m2/repository/org/springframework/spring-jdbc/5.3.24/spring-jdbc-5.3.24.jar:/home/naharasoftsas/.m2/repository/org/springframework/data/spring-data-jdbc/2.4.6/spring-data-jdbc-2.4.6.jar:/home/naharasoftsas/.m2/repository/org/springframework/data/spring-data-relational/2.4.6/spring-data-relational-2.4.6.jar:/home/naharasoftsas/.m2/repository/org/springframework/data/spring-data-commons/2.7.6/spring-data-commons-2.7.6.jar:/home/naharasoftsas/.m2/repository/org/springframework/spring-tx/5.3.24/spring-tx-5.3.24.jar:/home/naharasoftsas/.m2/repository/org/springframework/spring-context/5.3.24/spring-context-5.3.24.jar:/home/naharasoftsas/.m2/repository/org/springframework/spring-beans/5.3.24/spring-beans-5.3.24.jar:/home/naharasoftsas/.m2/repository/org/slf4j/slf4j-api/1.7.36/slf4j-api-1.7.36.jar:/home/naharasoftsas/.m2/repository/org/springframework/boot/spring-boot-starter-data-jpa/2.7.7/spring-boot-starter-data-jpa-2.7.7.jar:/home/naharasoftsas/.m2/repository/org/springframework/boot/spring-boot-starter-aop/2.7.7/spring-boot-starter-aop-2.7.7.jar:/home/naharasoftsas/.m2/repository/org/aspectj/aspectjweaver/1.9.7/aspectjweaver-1.9.7.jar:/home/naharasoftsas/.m2/repository/jakarta/transaction/jakarta.transaction-api/1.3.3/jakarta.transaction-api-1.3.3.jar:/home/naharasoftsas/.m2/repository/jakarta/persistence/jakarta.persistence-api/2.2.3/jakarta.persistence-api-2.2.3.jar:/home/naharasoftsas/.m2/repository/org/hibernate/hibernate-core/5.6.14.Final/hibernate-core-5.6.14.Final.jar:/home/naharasoftsas/.m2/repository/org/jboss/logging/jboss-logging/3.4.3.Final/jboss-logging-3.4.3.Final.jar:/home/naharasoftsas/.m2/repository/net/bytebuddy/byte-buddy/1.12.20/byte-buddy-1.12.20.jar:/home/naharasoftsas/.m2/repository/antlr/antlr/2.7.7/antlr-2.7.7.jar:/home/naharasoftsas/.m2/repository/org/jboss/jandex/2.4.2.Final/jandex-2.4.2.Final.jar:/home/naharasoftsas/.m2/repository/com/fasterxml/classmate/1.5.1/classmate-1.5.1.jar:/home/naharasoftsas/.m2/repository/org/hibernate/common/hibernate-commons-annotations/5.1.2.Final/hibernate-commons-annotations-5.1.2.Final.jar:/home/naharasoftsas/.m2/repository/org/glassfish/jaxb/jaxb-runtime/2.3.7/jaxb-runtime-2.3.7.jar:/home/naharasoftsas/.m2/repository/org/glassfish/jaxb/txw2/2.3.7/txw2-2.3.7.jar:/home/naharasoftsas/.m2/repository/com/sun/istack/istack-commons-runtime/3.0.12/istack-commons-runtime-3.0.12.jar:/home/naharasoftsas/.m2/repository/org/springframework/data/spring-data-jpa/2.7.6/spring-data-jpa-2.7.6.jar:/home/naharasoftsas/.m2/repository/org/springframework/spring-orm/5.3.24/spring-orm-5.3.24.jar:/home/naharasoftsas/.m2/repository/org/springframework/spring-aspects/5.3.24/spring-aspects-5.3.24.jar:/home/naharasoftsas/.m2/repository/org/springframework/boot/spring-boot-starter-web/2.7.7/spring-boot-starter-web-2.7.7.jar:/home/naharasoftsas/.m2/repository/org/springframework/boot/spring-boot-starter/2.7.7/spring-boot-starter-2.7.7.jar:/home/naharasoftsas/.m2/repository/org/springframework/boot/spring-boot-starter-logging/2.7.7/spring-boot-starter-logging-2.7.7.jar:/home/naharasoftsas/.m2/repository/ch/qos/logback/logback-classic/1.2.11/logback-classic-1.2.11.jar:/home/naharasoftsas/.m2/repository/ch/qos/logback/logback-core/1.2.11/logback-core-1.2.11.jar:/home/naharasoftsas/.m2/repository/org/apache/logging/log4j/log4j-to-slf4j/2.17.2/log4j-to-slf4j-2.17.2.jar:/home/naharasoftsas/.m2/repository/org/slf4j/jul-to-slf4j/1.7.36/jul-to-slf4j-1.7.36.jar:/home/naharasoftsas/.m2/repository/org/yaml/snakeyaml/1.30/snakeyaml-1.30.jar:/home/naharasoftsas/.m2/repository/org/springframework/boot/spring-boot-starter-json/2.7.7/spring-boot-starter-json-2.7.7.jar:/home/naharasoftsas/.m2/repository/com/fasterxml/jackson/datatype/jackson-datatype-jdk8/2.13.4/jackson-datatype-jdk8-2.13.4.jar:/home/naharasoftsas/.m2/repository/com/fasterxml/jackson/datatype/jackson-datatype-jsr310/2.13.4/jackson-datatype-jsr310-2.13.4.jar:/home/naharasoftsas/.m2/repository/com/fasterxml/jackson/module/jackson-module-parameter-names/2.13.4/jackson-module-parameter-names-2.13.4.jar:/home/naharasoftsas/.m2/repository/org/springframework/spring-web/5.3.24/spring-web-5.3.24.jar:/home/naharasoftsas/.m2/repository/org/springframework/spring-webmvc/5.3.24/spring-webmvc-5.3.24.jar:/home/naharasoftsas/.m2/repository/org/springframework/spring-expression/5.3.24/spring-expression-5.3.24.jar:/home/naharasoftsas/.m2/repository/org/springframework/boot/spring-boot-devtools/2.7.7/spring-boot-devtools-2.7.7.jar:/home/naharasoftsas/.m2/repository/org/springframework/boot/spring-boot/2.7.7/spring-boot-2.7.7.jar:/home/naharasoftsas/.m2/repository/org/springframework/boot/spring-boot-autoconfigure/2.7.7/spring-boot-autoconfigure-2.7.7.jar:/home/naharasoftsas/.m2/repository/org/postgresql/postgresql/42.3.8/postgresql-42.3.8.jar:/home/naharasoftsas/.m2/repository/org/checkerframework/checker-qual/3.5.0/checker-qual-3.5.0.jar:/home/naharasoftsas/.m2/repository/org/springframework/boot/spring-boot-configuration-processor/2.7.7/spring-boot-configuration-processor-2.7.7.jar:/home/naharasoftsas/.m2/repository/org/projectlombok/lombok/1.18.24/lombok-1.18.24.jar:/home/naharasoftsas/.m2/repository/org/springframework/boot/spring-boot-starter-tomcat/2.7.7/spring-boot-starter-tomcat-2.7.7.jar:/home/naharasoftsas/.m2/repository/jakarta/annotation/jakarta.annotation-api/1.3.5/jakarta.annotation-api-1.3.5.jar:/home/naharasoftsas/.m2/repository/org/apache/tomcat/embed/tomcat-embed-core/9.0.70/tomcat-embed-core-9.0.70.jar:/home/naharasoftsas/.m2/repository/org/apache/tomcat/embed/tomcat-embed-el/9.0.70/tomcat-embed-el-9.0.70.jar:/home/naharasoftsas/.m2/repository/org/apache/tomcat/embed/tomcat-embed-websocket/9.0.70/tomcat-embed-websocket-9.0.70.jar:/home/naharasoftsas/.m2/repository/org/springframework/boot/spring-boot-starter-test/2.7.7/spring-boot-starter-test-2.7.7.jar:/home/naharasoftsas/.m2/repository/org/springframework/boot/spring-boot-test/2.7.7/spring-boot-test-2.7.7.jar:/home/naharasoftsas/.m2/repository/org/springframework/boot/spring-boot-test-autoconfigure/2.7.7/spring-boot-test-autoconfigure-2.7.7.jar:/home/naharasoftsas/.m2/repository/com/jayway/jsonpath/json-path/2.7.0/json-path-2.7.0.jar:/home/naharasoftsas/.m2/repository/net/minidev/json-smart/2.4.8/json-smart-2.4.8.jar:/home/naharasoftsas/.m2/repository/net/minidev/accessors-smart/2.4.8/accessors-smart-2.4.8.jar:/home/naharasoftsas/.m2/repository/jakarta/xml/bind/jakarta.xml.bind-api/2.3.3/jakarta.xml.bind-api-2.3.3.jar:/home/naharasoftsas/.m2/repository/jakarta/activation/jakarta.activation-api/1.2.2/jakarta.activation-api-1.2.2.jar:/home/naharasoftsas/.m2/repository/org/assertj/assertj-core/3.22.0/assertj-core-3.22.0.jar:/home/naharasoftsas/.m2/repository/org/hamcrest/hamcrest/2.2/hamcrest-2.2.jar:/home/naharasoftsas/.m2/repository/org/junit/jupiter/junit-jupiter/5.8.2/junit-jupiter-5.8.2.jar:/home/naharasoftsas/.m2/repository/org/junit/jupiter/junit-jupiter-api/5.8.2/junit-jupiter-api-5.8.2.jar:/home/naharasoftsas/.m2/repository/org/opentest4j/opentest4j/1.2.0/opentest4j-1.2.0.jar:/home/naharasoftsas/.m2/repository/org/junit/platform/junit-platform-commons/1.8.2/junit-platform-commons-1.8.2.jar:/home/naharasoftsas/.m2/repository/org/apiguardian/apiguardian-api/1.1.2/apiguardian-api-1.1.2.jar:/home/naharasoftsas/.m2/repository/org/junit/jupiter/junit-jupiter-params/5.8.2/junit-jupiter-params-5.8.2.jar:/home/naharasoftsas/.m2/repository/org/junit/jupiter/junit-jupiter-engine/5.8.2/junit-jupiter-engine-5.8.2.jar:/home/naharasoftsas/.m2/repository/org/junit/platform/junit-platform-engine/1.8.2/junit-platform-engine-1.8.2.jar:/home/naharasoftsas/.m2/repository/org/mockito/mockito-core/4.5.1/mockito-core-4.5.1.jar:/home/naharasoftsas/.m2/repository/net/bytebuddy/byte-buddy-agent/1.12.20/byte-buddy-agent-1.12.20.jar:/home/naharasoftsas/.m2/repository/org/objenesis/objenesis/3.2/objenesis-3.2.jar:/home/naharasoftsas/.m2/repository/org/mockito/mockito-junit-jupiter/4.5.1/mockito-junit-jupiter-4.5.1.jar:/home/naharasoftsas/.m2/repository/org/skyscreamer/jsonassert/1.5.1/jsonassert-1.5.1.jar:/home/naharasoftsas/.m2/repository/com/vaadin/external/google/android-json/0.0.20131108.vaadin1/android-json-0.0.20131108.vaadin1.jar:/home/naharasoftsas/.m2/repository/org/springframework/spring-core/5.3.24/spring-core-5.3.24.jar:/home/naharasoftsas/.m2/repository/org/springframework/spring-jcl/5.3.24/spring-jcl-5.3.24.jar:/home/naharasoftsas/.m2/repository/org/springframework/spring-test/5.3.24/spring-test-5.3.24.jar:/home/naharasoftsas/.m2/repository/org/xmlunit/xmlunit-core/2.9.0/xmlunit-core-2.9.0.jar:/home/naharasoftsas/.m2/repository/org/springframework/boot/spring-boot-starter-security/2.7.7/spring-boot-starter-security-2.7.7.jar:/home/naharasoftsas/.m2/repository/org/springframework/spring-aop/5.3.24/spring-aop-5.3.24.jar:/home/naharasoftsas/.m2/repository/org/springframework/security/spring-security-config/5.7.6/spring-security-config-5.7.6.jar:/home/naharasoftsas/.m2/repository/org/springframework/security/spring-security-core/5.7.6/spring-security-core-5.7.6.jar:/home/naharasoftsas/.m2/repository/org/springframework/security/spring-security-crypto/5.7.6/spring-security-crypto-5.7.6.jar:/home/naharasoftsas/.m2/repository/org/springframework/security/spring-security-web/5.7.6/spring-security-web-5.7.6.jar:/home/naharasoftsas/.m2/repository/org/springframework/boot/spring-boot-starter-web-services/2.7.7/spring-boot-starter-web-services-2.7.7.jar:/home/naharasoftsas/.m2/repository/com/sun/xml/messaging/saaj/saaj-impl/1.5.3/saaj-impl-1.5.3.jar:/home/naharasoftsas/.m2/repository/jakarta/xml/soap/jakarta.xml.soap-api/1.4.2/jakarta.xml.soap-api-1.4.2.jar:/home/naharasoftsas/.m2/repository/org/jvnet/staxex/stax-ex/1.8.3/stax-ex-1.8.3.jar:/home/naharasoftsas/.m2/repository/com/sun/activation/jakarta.activation/1.2.2/jakarta.activation-1.2.2.jar:/home/naharasoftsas/.m2/repository/jakarta/xml/ws/jakarta.xml.ws-api/2.3.3/jakarta.xml.ws-api-2.3.3.jar:/home/naharasoftsas/.m2/repository/jakarta/jws/jakarta.jws-api/2.1.0/jakarta.jws-api-2.1.0.jar:/home/naharasoftsas/.m2/repository/org/springframework/spring-oxm/5.3.24/spring-oxm-5.3.24.jar:/home/naharasoftsas/.m2/repository/org/springframework/ws/spring-ws-core/3.1.4/spring-ws-core-3.1.4.jar:/home/naharasoftsas/.m2/repository/org/springframework/ws/spring-xml/3.1.4/spring-xml-3.1.4.jar:/home/naharasoftsas/.m2/repository/org/springframework/boot/spring-boot-starter-validation/2.7.7/spring-boot-starter-validation-2.7.7.jar:/home/naharasoftsas/.m2/repository/org/hibernate/validator/hibernate-validator/6.2.5.Final/hibernate-validator-6.2.5.Final.jar:/home/naharasoftsas/.m2/repository/jakarta/validation/jakarta.validation-api/2.0.2/jakarta.validation-api-2.0.2.jar:/home/naharasoftsas/.m2/repository/org/springframework/boot/spring-boot-starter-thymeleaf/2.7.7/spring-boot-starter-thymeleaf-2.7.7.jar:/home/naharasoftsas/.m2/repository/org/thymeleaf/thymeleaf-spring5/3.0.15.RELEASE/thymeleaf-spring5-3.0.15.RELEASE.jar:/home/naharasoftsas/.m2/repository/org/thymeleaf/thymeleaf/3.0.15.RELEASE/thymeleaf-3.0.15.RELEASE.jar:/home/naharasoftsas/.m2/repository/org/attoparser/attoparser/2.0.5.RELEASE/attoparser-2.0.5.RELEASE.jar:/home/naharasoftsas/.m2/repository/org/unbescape/unbescape/1.1.6.RELEASE/unbescape-1.1.6.RELEASE.jar:/home/naharasoftsas/.m2/repository/org/thymeleaf/extras/thymeleaf-extras-java8time/3.0.4.RELEASE/thymeleaf-extras-java8time-3.0.4.RELEASE.jar:/home/naharasoftsas/.m2/repository/org/apache/cxf/cxf-spring-boot-starter-jaxws/3.3.0/cxf-spring-boot-starter-jaxws-3.3.0.jar:/home/naharasoftsas/.m2/repository/org/apache/cxf/cxf-spring-boot-autoconfigure/3.3.0/cxf-spring-boot-autoconfigure-3.3.0.jar:/home/naharasoftsas/.m2/repository/org/apache/cxf/cxf-rt-transports-http/3.3.0/cxf-rt-transports-http-3.3.0.jar:/home/naharasoftsas/.m2/repository/org/apache/cxf/cxf-rt-frontend-jaxws/3.3.0/cxf-rt-frontend-jaxws-3.3.0.jar:/home/naharasoftsas/.m2/repository/xml-resolver/xml-resolver/1.2/xml-resolver-1.2.jar:/home/naharasoftsas/.m2/repository/org/ow2/asm/asm/7.0/asm-7.0.jar:/home/naharasoftsas/.m2/repository/org/apache/cxf/cxf-rt-bindings-xml/3.3.0/cxf-rt-bindings-xml-3.3.0.jar:/home/naharasoftsas/.m2/repository/org/apache/cxf/cxf-rt-frontend-simple/3.3.0/cxf-rt-frontend-simple-3.3.0.jar:/home/naharasoftsas/.m2/repository/org/apache/cxf/cxf-rt-ws-addr/3.3.0/cxf-rt-ws-addr-3.3.0.jar:/home/naharasoftsas/.m2/repository/org/apache/cxf/cxf-rt-ws-policy/3.3.0/cxf-rt-ws-policy-3.3.0.jar:/home/naharasoftsas/.m2/repository/javax/validation/validation-api/2.0.1.Final/validation-api-2.0.1.Final.jar:/home/naharasoftsas/.m2/repository/javax/annotation/javax.annotation-api/1.3.2/javax.annotation-api-1.3.2.jar:/home/naharasoftsas/.m2/repository/javax/xml/ws/jaxws-api/2.3.1/jaxws-api-2.3.1.jar:/home/naharasoftsas/.m2/repository/javax/xml/soap/javax.xml.soap-api/1.4.0/javax.xml.soap-api-1.4.0.jar:/home/naharasoftsas/.m2/repository/com/sun/activation/javax.activation/1.2.0/javax.activation-1.2.0.jar:/home/naharasoftsas/.m2/repository/org/apache/geronimo/specs/geronimo-ws-metadata_2.0_spec/1.1.3/geronimo-ws-metadata_2.0_spec-1.1.3.jar:/home/naharasoftsas/.m2/repository/org/apache/geronimo/specs/geronimo-jta_1.1_spec/1.1.1/geronimo-jta_1.1_spec-1.1.1.jar:/home/naharasoftsas/.m2/repository/org/jboss/spec/javax/rmi/jboss-rmi-api_1.0_spec/1.0.6.Final/jboss-rmi-api_1.0_spec-1.0.6.Final.jar:/home/naharasoftsas/.m2/repository/org/apache/cxf/cxf-rt-ws-security/3.3.0/cxf-rt-ws-security-3.3.0.jar:/home/naharasoftsas/.m2/repository/org/apache/cxf/cxf-core/3.3.0/cxf-core-3.3.0.jar:/home/naharasoftsas/.m2/repository/com/fasterxml/woodstox/woodstox-core/5.0.3/woodstox-core-5.0.3.jar:/home/naharasoftsas/.m2/repository/org/codehaus/woodstox/stax2-api/3.1.4/stax2-api-3.1.4.jar:/home/naharasoftsas/.m2/repository/org/apache/ws/xmlschema/xmlschema-core/2.2.4/xmlschema-core-2.2.4.jar:/home/naharasoftsas/.m2/repository/org/glassfish/jaxb/jaxb-xjc/2.3.7/jaxb-xjc-2.3.7.jar:/home/naharasoftsas/.m2/repository/org/glassfish/jaxb/xsom/2.3.7/xsom-2.3.7.jar:/home/naharasoftsas/.m2/repository/com/sun/xml/bind/external/relaxng-datatype/2.3.7/relaxng-datatype-2.3.7.jar:/home/naharasoftsas/.m2/repository/org/glassfish/jaxb/codemodel/2.3.7/codemodel-2.3.7.jar:/home/naharasoftsas/.m2/repository/com/sun/xml/bind/external/rngom/2.3.7/rngom-2.3.7.jar:/home/naharasoftsas/.m2/repository/com/sun/xml/dtd-parser/dtd-parser/1.4.5/dtd-parser-1.4.5.jar:/home/naharasoftsas/.m2/repository/com/sun/istack/istack-commons-tools/3.0.12/istack-commons-tools-3.0.12.jar:/home/naharasoftsas/.m2/repository/org/apache/cxf/cxf-rt-bindings-soap/3.3.0/cxf-rt-bindings-soap-3.3.0.jar:/home/naharasoftsas/.m2/repository/org/apache/cxf/cxf-rt-wsdl/3.3.0/cxf-rt-wsdl-3.3.0.jar:/home/naharasoftsas/.m2/repository/wsdl4j/wsdl4j/1.6.3/wsdl4j-1.6.3.jar:/home/naharasoftsas/.m2/repository/org/apache/cxf/cxf-rt-databinding-jaxb/3.3.0/cxf-rt-databinding-jaxb-3.3.0.jar:/home/naharasoftsas/.m2/repository/org/apache/cxf/cxf-rt-security-saml/3.3.0/cxf-rt-security-saml-3.3.0.jar:/home/naharasoftsas/.m2/repository/org/apache/cxf/cxf-rt-security/3.3.0/cxf-rt-security-3.3.0.jar:/home/naharasoftsas/.m2/repository/net/sf/ehcache/ehcache/2.10.9.2/ehcache-2.10.9.2.jar:/home/naharasoftsas/.m2/repository/org/apache/wss4j/wss4j-ws-security-dom/2.2.2/wss4j-ws-security-dom-2.2.2.jar:/home/naharasoftsas/.m2/repository/org/apache/wss4j/wss4j-ws-security-common/2.2.2/wss4j-ws-security-common-2.2.2.jar:/home/naharasoftsas/.m2/repository/org/apache/santuario/xmlsec/2.1.2/xmlsec-2.1.2.jar:/home/naharasoftsas/.m2/repository/org/opensaml/opensaml-saml-impl/3.3.0/opensaml-saml-impl-3.3.0.jar:/home/naharasoftsas/.m2/repository/org/opensaml/opensaml-profile-api/3.3.0/opensaml-profile-api-3.3.0.jar:/home/naharasoftsas/.m2/repository/org/opensaml/opensaml-core/3.3.0/opensaml-core-3.3.0.jar:/home/naharasoftsas/.m2/repository/io/dropwizard/metrics/metrics-core/4.2.14/metrics-core-4.2.14.jar:/home/naharasoftsas/.m2/repository/org/opensaml/opensaml-saml-api/3.3.0/opensaml-saml-api-3.3.0.jar:/home/naharasoftsas/.m2/repository/org/opensaml/opensaml-xmlsec-api/3.3.0/opensaml-xmlsec-api-3.3.0.jar:/home/naharasoftsas/.m2/repository/org/opensaml/opensaml-soap-api/3.3.0/opensaml-soap-api-3.3.0.jar:/home/naharasoftsas/.m2/repository/org/opensaml/opensaml-security-impl/3.3.0/opensaml-security-impl-3.3.0.jar:/home/naharasoftsas/.m2/repository/org/opensaml/opensaml-security-api/3.3.0/opensaml-security-api-3.3.0.jar:/home/naharasoftsas/.m2/repository/org/cryptacular/cryptacular/1.1.1/cryptacular-1.1.1.jar:/home/naharasoftsas/.m2/repository/org/bouncycastle/bcprov-jdk15on/1.54/bcprov-jdk15on-1.54.jar:/home/naharasoftsas/.m2/repository/org/opensaml/opensaml-xmlsec-impl/3.3.0/opensaml-xmlsec-impl-3.3.0.jar:/home/naharasoftsas/.m2/repository/net/shibboleth/utilities/java-support/7.3.0/java-support-7.3.0.jar:/home/naharasoftsas/.m2/repository/com/google/guava/guava/19.0/guava-19.0.jar:/home/naharasoftsas/.m2/repository/joda-time/joda-time/2.9/joda-time-2.9.jar:/home/naharasoftsas/.m2/repository/org/opensaml/opensaml-xacml-impl/3.3.0/opensaml-xacml-impl-3.3.0.jar:/home/naharasoftsas/.m2/repository/org/opensaml/opensaml-xacml-api/3.3.0/opensaml-xacml-api-3.3.0.jar:/home/naharasoftsas/.m2/repository/org/opensaml/opensaml-xacml-saml-impl/3.3.0/opensaml-xacml-saml-impl-3.3.0.jar:/home/naharasoftsas/.m2/repository/org/opensaml/opensaml-xacml-saml-api/3.3.0/opensaml-xacml-saml-api-3.3.0.jar:/home/naharasoftsas/.m2/repository/org/jasypt/jasypt/1.9.2/jasypt-1.9.2.jar:/home/naharasoftsas/.m2/repository/org/apache/geronimo/javamail/geronimo-javamail_1.4_mail/1.8.4/geronimo-javamail_1.4_mail-1.8.4.jar:/home/naharasoftsas/.m2/repository/org/apache/wss4j/wss4j-policy/2.2.2/wss4j-policy-2.2.2.jar:/home/naharasoftsas/.m2/repository/org/apache/neethi/neethi/3.1.1/neethi-3.1.1.jar:/home/naharasoftsas/.m2/repository/org/codehaus/woodstox/woodstox-core-asl/4.4.1/woodstox-core-asl-4.4.1.jar:/home/naharasoftsas/.m2/repository/javax/xml/stream/stax-api/1.0-2/stax-api-1.0-2.jar:/home/naharasoftsas/.m2/repository/org/apache/wss4j/wss4j-ws-security-stax/2.2.2/wss4j-ws-security-stax-2.2.2.jar:/home/naharasoftsas/.m2/repository/org/apache/wss4j/wss4j-bindings/2.2.2/wss4j-bindings-2.2.2.jar:/home/naharasoftsas/.m2/repository/org/apache/wss4j/wss4j-ws-security-policy-stax/2.2.2/wss4j-ws-security-policy-stax-2.2.2.jar:/home/naharasoftsas/.m2/repository/javax/xml/bind/jaxb-api/2.3.0/jaxb-api-2.3.0.jar:/home/naharasoftsas/.m2/repository/org/apache/poi/poi/5.1.0/poi-5.1.0.jar:/home/naharasoftsas/.m2/repository/org/apache/commons/commons-collections4/4.4/commons-collections4-4.4.jar:/home/naharasoftsas/.m2/repository/org/apache/commons/commons-math3/3.6.1/commons-math3-3.6.1.jar:/home/naharasoftsas/.m2/repository/com/zaxxer/SparseBitSet/1.2/SparseBitSet-1.2.jar:/home/naharasoftsas/.m2/repository/org/apache/logging/log4j/log4j-api/2.17.2/log4j-api-2.17.2.jar:/home/naharasoftsas/.m2/repository/org/apache/poi/poi-ooxml/5.1.0/poi-ooxml-5.1.0.jar:/home/naharasoftsas/.m2/repository/org/apache/poi/poi-ooxml-lite/5.1.0/poi-ooxml-lite-5.1.0.jar:/home/naharasoftsas/.m2/repository/org/apache/xmlbeans/xmlbeans/5.0.2/xmlbeans-5.0.2.jar:/home/naharasoftsas/.m2/repository/org/apache/commons/commons-compress/1.21/commons-compress-1.21.jar:/home/naharasoftsas/.m2/repository/com/github/virtuald/curvesapi/1.06/curvesapi-1.06.jar:/home/naharasoftsas/.m2/repository/org/xhtmlrenderer/flying-saucer-pdf/9.1.22/flying-saucer-pdf-9.1.22.jar:/home/naharasoftsas/.m2/repository/com/lowagie/itext/2.1.7/itext-2.1.7.jar:/home/naharasoftsas/.m2/repository/org/bouncycastle/bcmail-jdk14/1.64/bcmail-jdk14-1.64.jar:/home/naharasoftsas/.m2/repository/org/bouncycastle/bcpkix-jdk14/1.64/bcpkix-jdk14-1.64.jar:/home/naharasoftsas/.m2/repository/org/bouncycastle/bctsp-jdk14/1.46/bctsp-jdk14-1.46.jar:/home/naharasoftsas/.m2/repository/org/bouncycastle/bcprov-jdk14/1.64/bcprov-jdk14-1.64.jar:/home/naharasoftsas/.m2/repository/org/xhtmlrenderer/flying-saucer-core/9.1.22/flying-saucer-core-9.1.22.jar:/home/naharasoftsas/.m2/repository/com/google/code/gson/gson/2.9.1/gson-2.9.1.jar:/home/naharasoftsas/.m2/repository/org/json/json/20210307/json-20210307.jar:/home/naharasoftsas/.m2/repository/org/springdoc/springdoc-openapi-ui/1.6.7/springdoc-openapi-ui-1.6.7.jar:/home/naharasoftsas/.m2/repository/org/springdoc/springdoc-openapi-webmvc-core/1.6.7/springdoc-openapi-webmvc-core-1.6.7.jar:/home/naharasoftsas/.m2/repository/org/springdoc/springdoc-openapi-common/1.6.7/springdoc-openapi-common-1.6.7.jar:/home/naharasoftsas/.m2/repository/io/swagger/core/v3/swagger-core/2.2.0/swagger-core-2.2.0.jar:/home/naharasoftsas/.m2/repository/com/fasterxml/jackson/dataformat/jackson-dataformat-yaml/2.13.4/jackson-dataformat-yaml-2.13.4.jar:/home/naharasoftsas/.m2/repository/io/swagger/core/v3/swagger-annotations/2.2.0/swagger-annotations-2.2.0.jar:/home/naharasoftsas/.m2/repository/io/swagger/core/v3/swagger-models/2.2.0/swagger-models-2.2.0.jar:/home/naharasoftsas/.m2/repository/org/webjars/swagger-ui/4.10.3/swagger-ui-4.10.3.jar:/home/naharasoftsas/.m2/repository/org/webjars/webjars-locator-core/0.50/webjars-locator-core-0.50.jar:/home/naharasoftsas/.m2/repository/com/fasterxml/jackson/core/jackson-core/2.13.4/jackson-core-2.13.4.jar:/home/naharasoftsas/.m2/repository/io/github/classgraph/classgraph/4.8.143/classgraph-4.8.143.jar:/home/naharasoftsas/.m2/repository/javax/ejb/javax.ejb-api/3.2/javax.ejb-api-3.2.jar:/home/naharasoftsas/.m2/repository/javax/transaction/javax.transaction-api/1.3/javax.transaction-api-1.3.jar:/home/naharasoftsas/.m2/repository/io/jsonwebtoken/jjwt-api/0.11.5/jjwt-api-0.11.5.jar:/home/naharasoftsas/.m2/repository/io/jsonwebtoken/jjwt-impl/0.11.5/jjwt-impl-0.11.5.jar:/home/naharasoftsas/.m2/repository/io/jsonwebtoken/jjwt-jackson/0.11.5/jjwt-jackson-0.11.5.jar:/home/naharasoftsas/.m2/repository/com/fasterxml/jackson/core/jackson-databind/2.13.4.2/jackson-databind-2.13.4.2.jar:/home/naharasoftsas/.m2/repository/com/fasterxml/jackson/core/jackson-annotations/2.13.4/jackson-annotations-2.13.4.jar:/home/naharasoftsas/.m2/repository/org/apache/commons/commons-lang3/3.12.0/commons-lang3-3.12.0.jar:/home/naharasoftsas/.m2/repository/commons-codec/commons-codec/1.15/commons-codec-1.15.jar:/home/naharasoftsas/.m2/repository/commons-io/commons-io/2.11.0/commons-io-2.11.0.jar:"/>
    <property name="java.vm.vendor" value="Eclipse Adoptium"/>
    <property name="sun.arch.data.model" value="64"/>
    <property name="swing.aatext" value="true"/>
    <property name="java.vendor.url" value="https://adoptium.net/"/>
    <property name="os.name" value="Linux"/>
    <property name="java.vm.specification.version" value="17"/>
    <property name="sun.java.launcher" value="SUN_STANDARD"/>
    <property name="user.country" value="US"/>
    <property name="sun.boot.library.path" value="/opt/SpringTools4.16/plugins/org.eclipse.justj.openjdk.hotspot.jre.full.linux.x86_64_17.0.4.v20220903-1038/jre/lib"/>
    <property name="sun.java.command" value="/var/www/html/gml/format-crud-backend/target/surefire/surefirebooter5431838408401257365.jar /var/www/html/gml/format-crud-backend/target/surefire 2024-11-27T15-00-17_209-jvmRun1 surefire5728499731359220339tmp surefire_09605338204042618041tmp"/>
    <property name="jdk.debug" value="release"/>
    <property name="surefire.test.class.path" value="/var/www/html/gml/format-crud-backend/target/test-classes:/var/www/html/gml/format-crud-backend/target/classes:/home/naharasoftsas/.m2/repository/org/springframework/boot/spring-boot-starter-data-jdbc/2.7.7/spring-boot-starter-data-jdbc-2.7.7.jar:/home/naharasoftsas/.m2/repository/org/springframework/boot/spring-boot-starter-jdbc/2.7.7/spring-boot-starter-jdbc-2.7.7.jar:/home/naharasoftsas/.m2/repository/com/zaxxer/HikariCP/4.0.3/HikariCP-4.0.3.jar:/home/naharasoftsas/.m2/repository/org/springframework/spring-jdbc/5.3.24/spring-jdbc-5.3.24.jar:/home/naharasoftsas/.m2/repository/org/springframework/data/spring-data-jdbc/2.4.6/spring-data-jdbc-2.4.6.jar:/home/naharasoftsas/.m2/repository/org/springframework/data/spring-data-relational/2.4.6/spring-data-relational-2.4.6.jar:/home/naharasoftsas/.m2/repository/org/springframework/data/spring-data-commons/2.7.6/spring-data-commons-2.7.6.jar:/home/naharasoftsas/.m2/repository/org/springframework/spring-tx/5.3.24/spring-tx-5.3.24.jar:/home/naharasoftsas/.m2/repository/org/springframework/spring-context/5.3.24/spring-context-5.3.24.jar:/home/naharasoftsas/.m2/repository/org/springframework/spring-beans/5.3.24/spring-beans-5.3.24.jar:/home/naharasoftsas/.m2/repository/org/slf4j/slf4j-api/1.7.36/slf4j-api-1.7.36.jar:/home/naharasoftsas/.m2/repository/org/springframework/boot/spring-boot-starter-data-jpa/2.7.7/spring-boot-starter-data-jpa-2.7.7.jar:/home/naharasoftsas/.m2/repository/org/springframework/boot/spring-boot-starter-aop/2.7.7/spring-boot-starter-aop-2.7.7.jar:/home/naharasoftsas/.m2/repository/org/aspectj/aspectjweaver/1.9.7/aspectjweaver-1.9.7.jar:/home/naharasoftsas/.m2/repository/jakarta/transaction/jakarta.transaction-api/1.3.3/jakarta.transaction-api-1.3.3.jar:/home/naharasoftsas/.m2/repository/jakarta/persistence/jakarta.persistence-api/2.2.3/jakarta.persistence-api-2.2.3.jar:/home/naharasoftsas/.m2/repository/org/hibernate/hibernate-core/5.6.14.Final/hibernate-core-5.6.14.Final.jar:/home/naharasoftsas/.m2/repository/org/jboss/logging/jboss-logging/3.4.3.Final/jboss-logging-3.4.3.Final.jar:/home/naharasoftsas/.m2/repository/net/bytebuddy/byte-buddy/1.12.20/byte-buddy-1.12.20.jar:/home/naharasoftsas/.m2/repository/antlr/antlr/2.7.7/antlr-2.7.7.jar:/home/naharasoftsas/.m2/repository/org/jboss/jandex/2.4.2.Final/jandex-2.4.2.Final.jar:/home/naharasoftsas/.m2/repository/com/fasterxml/classmate/1.5.1/classmate-1.5.1.jar:/home/naharasoftsas/.m2/repository/org/hibernate/common/hibernate-commons-annotations/5.1.2.Final/hibernate-commons-annotations-5.1.2.Final.jar:/home/naharasoftsas/.m2/repository/org/glassfish/jaxb/jaxb-runtime/2.3.7/jaxb-runtime-2.3.7.jar:/home/naharasoftsas/.m2/repository/org/glassfish/jaxb/txw2/2.3.7/txw2-2.3.7.jar:/home/naharasoftsas/.m2/repository/com/sun/istack/istack-commons-runtime/3.0.12/istack-commons-runtime-3.0.12.jar:/home/naharasoftsas/.m2/repository/org/springframework/data/spring-data-jpa/2.7.6/spring-data-jpa-2.7.6.jar:/home/naharasoftsas/.m2/repository/org/springframework/spring-orm/5.3.24/spring-orm-5.3.24.jar:/home/naharasoftsas/.m2/repository/org/springframework/spring-aspects/5.3.24/spring-aspects-5.3.24.jar:/home/naharasoftsas/.m2/repository/org/springframework/boot/spring-boot-starter-web/2.7.7/spring-boot-starter-web-2.7.7.jar:/home/naharasoftsas/.m2/repository/org/springframework/boot/spring-boot-starter/2.7.7/spring-boot-starter-2.7.7.jar:/home/naharasoftsas/.m2/repository/org/springframework/boot/spring-boot-starter-logging/2.7.7/spring-boot-starter-logging-2.7.7.jar:/home/naharasoftsas/.m2/repository/ch/qos/logback/logback-classic/1.2.11/logback-classic-1.2.11.jar:/home/naharasoftsas/.m2/repository/ch/qos/logback/logback-core/1.2.11/logback-core-1.2.11.jar:/home/naharasoftsas/.m2/repository/org/apache/logging/log4j/log4j-to-slf4j/2.17.2/log4j-to-slf4j-2.17.2.jar:/home/naharasoftsas/.m2/repository/org/slf4j/jul-to-slf4j/1.7.36/jul-to-slf4j-1.7.36.jar:/home/naharasoftsas/.m2/repository/org/yaml/snakeyaml/1.30/snakeyaml-1.30.jar:/home/naharasoftsas/.m2/repository/org/springframework/boot/spring-boot-starter-json/2.7.7/spring-boot-starter-json-2.7.7.jar:/home/naharasoftsas/.m2/repository/com/fasterxml/jackson/datatype/jackson-datatype-jdk8/2.13.4/jackson-datatype-jdk8-2.13.4.jar:/home/naharasoftsas/.m2/repository/com/fasterxml/jackson/datatype/jackson-datatype-jsr310/2.13.4/jackson-datatype-jsr310-2.13.4.jar:/home/naharasoftsas/.m2/repository/com/fasterxml/jackson/module/jackson-module-parameter-names/2.13.4/jackson-module-parameter-names-2.13.4.jar:/home/naharasoftsas/.m2/repository/org/springframework/spring-web/5.3.24/spring-web-5.3.24.jar:/home/naharasoftsas/.m2/repository/org/springframework/spring-webmvc/5.3.24/spring-webmvc-5.3.24.jar:/home/naharasoftsas/.m2/repository/org/springframework/spring-expression/5.3.24/spring-expression-5.3.24.jar:/home/naharasoftsas/.m2/repository/org/springframework/boot/spring-boot-devtools/2.7.7/spring-boot-devtools-2.7.7.jar:/home/naharasoftsas/.m2/repository/org/springframework/boot/spring-boot/2.7.7/spring-boot-2.7.7.jar:/home/naharasoftsas/.m2/repository/org/springframework/boot/spring-boot-autoconfigure/2.7.7/spring-boot-autoconfigure-2.7.7.jar:/home/naharasoftsas/.m2/repository/org/postgresql/postgresql/42.3.8/postgresql-42.3.8.jar:/home/naharasoftsas/.m2/repository/org/checkerframework/checker-qual/3.5.0/checker-qual-3.5.0.jar:/home/naharasoftsas/.m2/repository/org/springframework/boot/spring-boot-configuration-processor/2.7.7/spring-boot-configuration-processor-2.7.7.jar:/home/naharasoftsas/.m2/repository/org/projectlombok/lombok/1.18.24/lombok-1.18.24.jar:/home/naharasoftsas/.m2/repository/org/springframework/boot/spring-boot-starter-tomcat/2.7.7/spring-boot-starter-tomcat-2.7.7.jar:/home/naharasoftsas/.m2/repository/jakarta/annotation/jakarta.annotation-api/1.3.5/jakarta.annotation-api-1.3.5.jar:/home/naharasoftsas/.m2/repository/org/apache/tomcat/embed/tomcat-embed-core/9.0.70/tomcat-embed-core-9.0.70.jar:/home/naharasoftsas/.m2/repository/org/apache/tomcat/embed/tomcat-embed-el/9.0.70/tomcat-embed-el-9.0.70.jar:/home/naharasoftsas/.m2/repository/org/apache/tomcat/embed/tomcat-embed-websocket/9.0.70/tomcat-embed-websocket-9.0.70.jar:/home/naharasoftsas/.m2/repository/org/springframework/boot/spring-boot-starter-test/2.7.7/spring-boot-starter-test-2.7.7.jar:/home/naharasoftsas/.m2/repository/org/springframework/boot/spring-boot-test/2.7.7/spring-boot-test-2.7.7.jar:/home/naharasoftsas/.m2/repository/org/springframework/boot/spring-boot-test-autoconfigure/2.7.7/spring-boot-test-autoconfigure-2.7.7.jar:/home/naharasoftsas/.m2/repository/com/jayway/jsonpath/json-path/2.7.0/json-path-2.7.0.jar:/home/naharasoftsas/.m2/repository/net/minidev/json-smart/2.4.8/json-smart-2.4.8.jar:/home/naharasoftsas/.m2/repository/net/minidev/accessors-smart/2.4.8/accessors-smart-2.4.8.jar:/home/naharasoftsas/.m2/repository/jakarta/xml/bind/jakarta.xml.bind-api/2.3.3/jakarta.xml.bind-api-2.3.3.jar:/home/naharasoftsas/.m2/repository/jakarta/activation/jakarta.activation-api/1.2.2/jakarta.activation-api-1.2.2.jar:/home/naharasoftsas/.m2/repository/org/assertj/assertj-core/3.22.0/assertj-core-3.22.0.jar:/home/naharasoftsas/.m2/repository/org/hamcrest/hamcrest/2.2/hamcrest-2.2.jar:/home/naharasoftsas/.m2/repository/org/junit/jupiter/junit-jupiter/5.8.2/junit-jupiter-5.8.2.jar:/home/naharasoftsas/.m2/repository/org/junit/jupiter/junit-jupiter-api/5.8.2/junit-jupiter-api-5.8.2.jar:/home/naharasoftsas/.m2/repository/org/opentest4j/opentest4j/1.2.0/opentest4j-1.2.0.jar:/home/naharasoftsas/.m2/repository/org/junit/platform/junit-platform-commons/1.8.2/junit-platform-commons-1.8.2.jar:/home/naharasoftsas/.m2/repository/org/apiguardian/apiguardian-api/1.1.2/apiguardian-api-1.1.2.jar:/home/naharasoftsas/.m2/repository/org/junit/jupiter/junit-jupiter-params/5.8.2/junit-jupiter-params-5.8.2.jar:/home/naharasoftsas/.m2/repository/org/junit/jupiter/junit-jupiter-engine/5.8.2/junit-jupiter-engine-5.8.2.jar:/home/naharasoftsas/.m2/repository/org/junit/platform/junit-platform-engine/1.8.2/junit-platform-engine-1.8.2.jar:/home/naharasoftsas/.m2/repository/org/mockito/mockito-core/4.5.1/mockito-core-4.5.1.jar:/home/naharasoftsas/.m2/repository/net/bytebuddy/byte-buddy-agent/1.12.20/byte-buddy-agent-1.12.20.jar:/home/naharasoftsas/.m2/repository/org/objenesis/objenesis/3.2/objenesis-3.2.jar:/home/naharasoftsas/.m2/repository/org/mockito/mockito-junit-jupiter/4.5.1/mockito-junit-jupiter-4.5.1.jar:/home/naharasoftsas/.m2/repository/org/skyscreamer/jsonassert/1.5.1/jsonassert-1.5.1.jar:/home/naharasoftsas/.m2/repository/com/vaadin/external/google/android-json/0.0.20131108.vaadin1/android-json-0.0.20131108.vaadin1.jar:/home/naharasoftsas/.m2/repository/org/springframework/spring-core/5.3.24/spring-core-5.3.24.jar:/home/naharasoftsas/.m2/repository/org/springframework/spring-jcl/5.3.24/spring-jcl-5.3.24.jar:/home/naharasoftsas/.m2/repository/org/springframework/spring-test/5.3.24/spring-test-5.3.24.jar:/home/naharasoftsas/.m2/repository/org/xmlunit/xmlunit-core/2.9.0/xmlunit-core-2.9.0.jar:/home/naharasoftsas/.m2/repository/org/springframework/boot/spring-boot-starter-security/2.7.7/spring-boot-starter-security-2.7.7.jar:/home/naharasoftsas/.m2/repository/org/springframework/spring-aop/5.3.24/spring-aop-5.3.24.jar:/home/naharasoftsas/.m2/repository/org/springframework/security/spring-security-config/5.7.6/spring-security-config-5.7.6.jar:/home/naharasoftsas/.m2/repository/org/springframework/security/spring-security-core/5.7.6/spring-security-core-5.7.6.jar:/home/naharasoftsas/.m2/repository/org/springframework/security/spring-security-crypto/5.7.6/spring-security-crypto-5.7.6.jar:/home/naharasoftsas/.m2/repository/org/springframework/security/spring-security-web/5.7.6/spring-security-web-5.7.6.jar:/home/naharasoftsas/.m2/repository/org/springframework/boot/spring-boot-starter-web-services/2.7.7/spring-boot-starter-web-services-2.7.7.jar:/home/naharasoftsas/.m2/repository/com/sun/xml/messaging/saaj/saaj-impl/1.5.3/saaj-impl-1.5.3.jar:/home/naharasoftsas/.m2/repository/jakarta/xml/soap/jakarta.xml.soap-api/1.4.2/jakarta.xml.soap-api-1.4.2.jar:/home/naharasoftsas/.m2/repository/org/jvnet/staxex/stax-ex/1.8.3/stax-ex-1.8.3.jar:/home/naharasoftsas/.m2/repository/com/sun/activation/jakarta.activation/1.2.2/jakarta.activation-1.2.2.jar:/home/naharasoftsas/.m2/repository/jakarta/xml/ws/jakarta.xml.ws-api/2.3.3/jakarta.xml.ws-api-2.3.3.jar:/home/naharasoftsas/.m2/repository/jakarta/jws/jakarta.jws-api/2.1.0/jakarta.jws-api-2.1.0.jar:/home/naharasoftsas/.m2/repository/org/springframework/spring-oxm/5.3.24/spring-oxm-5.3.24.jar:/home/naharasoftsas/.m2/repository/org/springframework/ws/spring-ws-core/3.1.4/spring-ws-core-3.1.4.jar:/home/naharasoftsas/.m2/repository/org/springframework/ws/spring-xml/3.1.4/spring-xml-3.1.4.jar:/home/naharasoftsas/.m2/repository/org/springframework/boot/spring-boot-starter-validation/2.7.7/spring-boot-starter-validation-2.7.7.jar:/home/naharasoftsas/.m2/repository/org/hibernate/validator/hibernate-validator/6.2.5.Final/hibernate-validator-6.2.5.Final.jar:/home/naharasoftsas/.m2/repository/jakarta/validation/jakarta.validation-api/2.0.2/jakarta.validation-api-2.0.2.jar:/home/naharasoftsas/.m2/repository/org/springframework/boot/spring-boot-starter-thymeleaf/2.7.7/spring-boot-starter-thymeleaf-2.7.7.jar:/home/naharasoftsas/.m2/repository/org/thymeleaf/thymeleaf-spring5/3.0.15.RELEASE/thymeleaf-spring5-3.0.15.RELEASE.jar:/home/naharasoftsas/.m2/repository/org/thymeleaf/thymeleaf/3.0.15.RELEASE/thymeleaf-3.0.15.RELEASE.jar:/home/naharasoftsas/.m2/repository/org/attoparser/attoparser/2.0.5.RELEASE/attoparser-2.0.5.RELEASE.jar:/home/naharasoftsas/.m2/repository/org/unbescape/unbescape/1.1.6.RELEASE/unbescape-1.1.6.RELEASE.jar:/home/naharasoftsas/.m2/repository/org/thymeleaf/extras/thymeleaf-extras-java8time/3.0.4.RELEASE/thymeleaf-extras-java8time-3.0.4.RELEASE.jar:/home/naharasoftsas/.m2/repository/org/apache/cxf/cxf-spring-boot-starter-jaxws/3.3.0/cxf-spring-boot-starter-jaxws-3.3.0.jar:/home/naharasoftsas/.m2/repository/org/apache/cxf/cxf-spring-boot-autoconfigure/3.3.0/cxf-spring-boot-autoconfigure-3.3.0.jar:/home/naharasoftsas/.m2/repository/org/apache/cxf/cxf-rt-transports-http/3.3.0/cxf-rt-transports-http-3.3.0.jar:/home/naharasoftsas/.m2/repository/org/apache/cxf/cxf-rt-frontend-jaxws/3.3.0/cxf-rt-frontend-jaxws-3.3.0.jar:/home/naharasoftsas/.m2/repository/xml-resolver/xml-resolver/1.2/xml-resolver-1.2.jar:/home/naharasoftsas/.m2/repository/org/ow2/asm/asm/7.0/asm-7.0.jar:/home/naharasoftsas/.m2/repository/org/apache/cxf/cxf-rt-bindings-xml/3.3.0/cxf-rt-bindings-xml-3.3.0.jar:/home/naharasoftsas/.m2/repository/org/apache/cxf/cxf-rt-frontend-simple/3.3.0/cxf-rt-frontend-simple-3.3.0.jar:/home/naharasoftsas/.m2/repository/org/apache/cxf/cxf-rt-ws-addr/3.3.0/cxf-rt-ws-addr-3.3.0.jar:/home/naharasoftsas/.m2/repository/org/apache/cxf/cxf-rt-ws-policy/3.3.0/cxf-rt-ws-policy-3.3.0.jar:/home/naharasoftsas/.m2/repository/javax/validation/validation-api/2.0.1.Final/validation-api-2.0.1.Final.jar:/home/naharasoftsas/.m2/repository/javax/annotation/javax.annotation-api/1.3.2/javax.annotation-api-1.3.2.jar:/home/naharasoftsas/.m2/repository/javax/xml/ws/jaxws-api/2.3.1/jaxws-api-2.3.1.jar:/home/naharasoftsas/.m2/repository/javax/xml/soap/javax.xml.soap-api/1.4.0/javax.xml.soap-api-1.4.0.jar:/home/naharasoftsas/.m2/repository/com/sun/activation/javax.activation/1.2.0/javax.activation-1.2.0.jar:/home/naharasoftsas/.m2/repository/org/apache/geronimo/specs/geronimo-ws-metadata_2.0_spec/1.1.3/geronimo-ws-metadata_2.0_spec-1.1.3.jar:/home/naharasoftsas/.m2/repository/org/apache/geronimo/specs/geronimo-jta_1.1_spec/1.1.1/geronimo-jta_1.1_spec-1.1.1.jar:/home/naharasoftsas/.m2/repository/org/jboss/spec/javax/rmi/jboss-rmi-api_1.0_spec/1.0.6.Final/jboss-rmi-api_1.0_spec-1.0.6.Final.jar:/home/naharasoftsas/.m2/repository/org/apache/cxf/cxf-rt-ws-security/3.3.0/cxf-rt-ws-security-3.3.0.jar:/home/naharasoftsas/.m2/repository/org/apache/cxf/cxf-core/3.3.0/cxf-core-3.3.0.jar:/home/naharasoftsas/.m2/repository/com/fasterxml/woodstox/woodstox-core/5.0.3/woodstox-core-5.0.3.jar:/home/naharasoftsas/.m2/repository/org/codehaus/woodstox/stax2-api/3.1.4/stax2-api-3.1.4.jar:/home/naharasoftsas/.m2/repository/org/apache/ws/xmlschema/xmlschema-core/2.2.4/xmlschema-core-2.2.4.jar:/home/naharasoftsas/.m2/repository/org/glassfish/jaxb/jaxb-xjc/2.3.7/jaxb-xjc-2.3.7.jar:/home/naharasoftsas/.m2/repository/org/glassfish/jaxb/xsom/2.3.7/xsom-2.3.7.jar:/home/naharasoftsas/.m2/repository/com/sun/xml/bind/external/relaxng-datatype/2.3.7/relaxng-datatype-2.3.7.jar:/home/naharasoftsas/.m2/repository/org/glassfish/jaxb/codemodel/2.3.7/codemodel-2.3.7.jar:/home/naharasoftsas/.m2/repository/com/sun/xml/bind/external/rngom/2.3.7/rngom-2.3.7.jar:/home/naharasoftsas/.m2/repository/com/sun/xml/dtd-parser/dtd-parser/1.4.5/dtd-parser-1.4.5.jar:/home/naharasoftsas/.m2/repository/com/sun/istack/istack-commons-tools/3.0.12/istack-commons-tools-3.0.12.jar:/home/naharasoftsas/.m2/repository/org/apache/cxf/cxf-rt-bindings-soap/3.3.0/cxf-rt-bindings-soap-3.3.0.jar:/home/naharasoftsas/.m2/repository/org/apache/cxf/cxf-rt-wsdl/3.3.0/cxf-rt-wsdl-3.3.0.jar:/home/naharasoftsas/.m2/repository/wsdl4j/wsdl4j/1.6.3/wsdl4j-1.6.3.jar:/home/naharasoftsas/.m2/repository/org/apache/cxf/cxf-rt-databinding-jaxb/3.3.0/cxf-rt-databinding-jaxb-3.3.0.jar:/home/naharasoftsas/.m2/repository/org/apache/cxf/cxf-rt-security-saml/3.3.0/cxf-rt-security-saml-3.3.0.jar:/home/naharasoftsas/.m2/repository/org/apache/cxf/cxf-rt-security/3.3.0/cxf-rt-security-3.3.0.jar:/home/naharasoftsas/.m2/repository/net/sf/ehcache/ehcache/2.10.9.2/ehcache-2.10.9.2.jar:/home/naharasoftsas/.m2/repository/org/apache/wss4j/wss4j-ws-security-dom/2.2.2/wss4j-ws-security-dom-2.2.2.jar:/home/naharasoftsas/.m2/repository/org/apache/wss4j/wss4j-ws-security-common/2.2.2/wss4j-ws-security-common-2.2.2.jar:/home/naharasoftsas/.m2/repository/org/apache/santuario/xmlsec/2.1.2/xmlsec-2.1.2.jar:/home/naharasoftsas/.m2/repository/org/opensaml/opensaml-saml-impl/3.3.0/opensaml-saml-impl-3.3.0.jar:/home/naharasoftsas/.m2/repository/org/opensaml/opensaml-profile-api/3.3.0/opensaml-profile-api-3.3.0.jar:/home/naharasoftsas/.m2/repository/org/opensaml/opensaml-core/3.3.0/opensaml-core-3.3.0.jar:/home/naharasoftsas/.m2/repository/io/dropwizard/metrics/metrics-core/4.2.14/metrics-core-4.2.14.jar:/home/naharasoftsas/.m2/repository/org/opensaml/opensaml-saml-api/3.3.0/opensaml-saml-api-3.3.0.jar:/home/naharasoftsas/.m2/repository/org/opensaml/opensaml-xmlsec-api/3.3.0/opensaml-xmlsec-api-3.3.0.jar:/home/naharasoftsas/.m2/repository/org/opensaml/opensaml-soap-api/3.3.0/opensaml-soap-api-3.3.0.jar:/home/naharasoftsas/.m2/repository/org/opensaml/opensaml-security-impl/3.3.0/opensaml-security-impl-3.3.0.jar:/home/naharasoftsas/.m2/repository/org/opensaml/opensaml-security-api/3.3.0/opensaml-security-api-3.3.0.jar:/home/naharasoftsas/.m2/repository/org/cryptacular/cryptacular/1.1.1/cryptacular-1.1.1.jar:/home/naharasoftsas/.m2/repository/org/bouncycastle/bcprov-jdk15on/1.54/bcprov-jdk15on-1.54.jar:/home/naharasoftsas/.m2/repository/org/opensaml/opensaml-xmlsec-impl/3.3.0/opensaml-xmlsec-impl-3.3.0.jar:/home/naharasoftsas/.m2/repository/net/shibboleth/utilities/java-support/7.3.0/java-support-7.3.0.jar:/home/naharasoftsas/.m2/repository/com/google/guava/guava/19.0/guava-19.0.jar:/home/naharasoftsas/.m2/repository/joda-time/joda-time/2.9/joda-time-2.9.jar:/home/naharasoftsas/.m2/repository/org/opensaml/opensaml-xacml-impl/3.3.0/opensaml-xacml-impl-3.3.0.jar:/home/naharasoftsas/.m2/repository/org/opensaml/opensaml-xacml-api/3.3.0/opensaml-xacml-api-3.3.0.jar:/home/naharasoftsas/.m2/repository/org/opensaml/opensaml-xacml-saml-impl/3.3.0/opensaml-xacml-saml-impl-3.3.0.jar:/home/naharasoftsas/.m2/repository/org/opensaml/opensaml-xacml-saml-api/3.3.0/opensaml-xacml-saml-api-3.3.0.jar:/home/naharasoftsas/.m2/repository/org/jasypt/jasypt/1.9.2/jasypt-1.9.2.jar:/home/naharasoftsas/.m2/repository/org/apache/geronimo/javamail/geronimo-javamail_1.4_mail/1.8.4/geronimo-javamail_1.4_mail-1.8.4.jar:/home/naharasoftsas/.m2/repository/org/apache/wss4j/wss4j-policy/2.2.2/wss4j-policy-2.2.2.jar:/home/naharasoftsas/.m2/repository/org/apache/neethi/neethi/3.1.1/neethi-3.1.1.jar:/home/naharasoftsas/.m2/repository/org/codehaus/woodstox/woodstox-core-asl/4.4.1/woodstox-core-asl-4.4.1.jar:/home/naharasoftsas/.m2/repository/javax/xml/stream/stax-api/1.0-2/stax-api-1.0-2.jar:/home/naharasoftsas/.m2/repository/org/apache/wss4j/wss4j-ws-security-stax/2.2.2/wss4j-ws-security-stax-2.2.2.jar:/home/naharasoftsas/.m2/repository/org/apache/wss4j/wss4j-bindings/2.2.2/wss4j-bindings-2.2.2.jar:/home/naharasoftsas/.m2/repository/org/apache/wss4j/wss4j-ws-security-policy-stax/2.2.2/wss4j-ws-security-policy-stax-2.2.2.jar:/home/naharasoftsas/.m2/repository/javax/xml/bind/jaxb-api/2.3.0/jaxb-api-2.3.0.jar:/home/naharasoftsas/.m2/repository/org/apache/poi/poi/5.1.0/poi-5.1.0.jar:/home/naharasoftsas/.m2/repository/org/apache/commons/commons-collections4/4.4/commons-collections4-4.4.jar:/home/naharasoftsas/.m2/repository/org/apache/commons/commons-math3/3.6.1/commons-math3-3.6.1.jar:/home/naharasoftsas/.m2/repository/com/zaxxer/SparseBitSet/1.2/SparseBitSet-1.2.jar:/home/naharasoftsas/.m2/repository/org/apache/logging/log4j/log4j-api/2.17.2/log4j-api-2.17.2.jar:/home/naharasoftsas/.m2/repository/org/apache/poi/poi-ooxml/5.1.0/poi-ooxml-5.1.0.jar:/home/naharasoftsas/.m2/repository/org/apache/poi/poi-ooxml-lite/5.1.0/poi-ooxml-lite-5.1.0.jar:/home/naharasoftsas/.m2/repository/org/apache/xmlbeans/xmlbeans/5.0.2/xmlbeans-5.0.2.jar:/home/naharasoftsas/.m2/repository/org/apache/commons/commons-compress/1.21/commons-compress-1.21.jar:/home/naharasoftsas/.m2/repository/com/github/virtuald/curvesapi/1.06/curvesapi-1.06.jar:/home/naharasoftsas/.m2/repository/org/xhtmlrenderer/flying-saucer-pdf/9.1.22/flying-saucer-pdf-9.1.22.jar:/home/naharasoftsas/.m2/repository/com/lowagie/itext/2.1.7/itext-2.1.7.jar:/home/naharasoftsas/.m2/repository/org/bouncycastle/bcmail-jdk14/1.64/bcmail-jdk14-1.64.jar:/home/naharasoftsas/.m2/repository/org/bouncycastle/bcpkix-jdk14/1.64/bcpkix-jdk14-1.64.jar:/home/naharasoftsas/.m2/repository/org/bouncycastle/bctsp-jdk14/1.46/bctsp-jdk14-1.46.jar:/home/naharasoftsas/.m2/repository/org/bouncycastle/bcprov-jdk14/1.64/bcprov-jdk14-1.64.jar:/home/naharasoftsas/.m2/repository/org/xhtmlrenderer/flying-saucer-core/9.1.22/flying-saucer-core-9.1.22.jar:/home/naharasoftsas/.m2/repository/com/google/code/gson/gson/2.9.1/gson-2.9.1.jar:/home/naharasoftsas/.m2/repository/org/json/json/20210307/json-20210307.jar:/home/naharasoftsas/.m2/repository/org/springdoc/springdoc-openapi-ui/1.6.7/springdoc-openapi-ui-1.6.7.jar:/home/naharasoftsas/.m2/repository/org/springdoc/springdoc-openapi-webmvc-core/1.6.7/springdoc-openapi-webmvc-core-1.6.7.jar:/home/naharasoftsas/.m2/repository/org/springdoc/springdoc-openapi-common/1.6.7/springdoc-openapi-common-1.6.7.jar:/home/naharasoftsas/.m2/repository/io/swagger/core/v3/swagger-core/2.2.0/swagger-core-2.2.0.jar:/home/naharasoftsas/.m2/repository/com/fasterxml/jackson/dataformat/jackson-dataformat-yaml/2.13.4/jackson-dataformat-yaml-2.13.4.jar:/home/naharasoftsas/.m2/repository/io/swagger/core/v3/swagger-annotations/2.2.0/swagger-annotations-2.2.0.jar:/home/naharasoftsas/.m2/repository/io/swagger/core/v3/swagger-models/2.2.0/swagger-models-2.2.0.jar:/home/naharasoftsas/.m2/repository/org/webjars/swagger-ui/4.10.3/swagger-ui-4.10.3.jar:/home/naharasoftsas/.m2/repository/org/webjars/webjars-locator-core/0.50/webjars-locator-core-0.50.jar:/home/naharasoftsas/.m2/repository/com/fasterxml/jackson/core/jackson-core/2.13.4/jackson-core-2.13.4.jar:/home/naharasoftsas/.m2/repository/io/github/classgraph/classgraph/4.8.143/classgraph-4.8.143.jar:/home/naharasoftsas/.m2/repository/javax/ejb/javax.ejb-api/3.2/javax.ejb-api-3.2.jar:/home/naharasoftsas/.m2/repository/javax/transaction/javax.transaction-api/1.3/javax.transaction-api-1.3.jar:/home/naharasoftsas/.m2/repository/io/jsonwebtoken/jjwt-api/0.11.5/jjwt-api-0.11.5.jar:/home/naharasoftsas/.m2/repository/io/jsonwebtoken/jjwt-impl/0.11.5/jjwt-impl-0.11.5.jar:/home/naharasoftsas/.m2/repository/io/jsonwebtoken/jjwt-jackson/0.11.5/jjwt-jackson-0.11.5.jar:/home/naharasoftsas/.m2/repository/com/fasterxml/jackson/core/jackson-databind/2.13.4.2/jackson-databind-2.13.4.2.jar:/home/naharasoftsas/.m2/repository/com/fasterxml/jackson/core/jackson-annotations/2.13.4/jackson-annotations-2.13.4.jar:/home/naharasoftsas/.m2/repository/org/apache/commons/commons-lang3/3.12.0/commons-lang3-3.12.0.jar:/home/naharasoftsas/.m2/repository/commons-codec/commons-codec/1.15/commons-codec-1.15.jar:/home/naharasoftsas/.m2/repository/commons-io/commons-io/2.11.0/commons-io-2.11.0.jar:"/>
    <property name="sun.cpu.endian" value="little"/>
    <property name="user.home" value="/home/naharasoftsas"/>
    <property name="user.language" value="en"/>
    <property name="java.specification.vendor" value="Oracle Corporation"/>
    <property name="java.version.date" value="2022-08-12"/>
    <property name="java.home" value="/opt/SpringTools4.16/plugins/org.eclipse.justj.openjdk.hotspot.jre.full.linux.x86_64_17.0.4.v20220903-1038/jre"/>
    <property name="file.separator" value="/"/>
    <property name="style.color" value="always"/>
    <property name="basedir" value="/var/www/html/gml/format-crud-backend"/>
    <property name="java.vm.compressedOopsMode" value="Zero based"/>
    <property name="line.separator" value="&#10;"/>
    <property name="java.vm.specification.vendor" value="Oracle Corporation"/>
    <property name="java.specification.name" value="Java Platform API Specification"/>
    <property name="surefire.real.class.path" value="/var/www/html/gml/format-crud-backend/target/surefire/surefirebooter5431838408401257365.jar"/>
    <property name="awt.useSystemAAFontSettings" value="on"/>
    <property name="sun.management.compiler" value="HotSpot 64-Bit Tiered Compilers"/>
    <property name="java.runtime.version" value="17.0.4.1+1"/>
    <property name="user.name" value="naharasoftsas"/>
    <property name="path.separator" value=":"/>
    <property name="os.version" value="6.1.0-kali9-amd64"/>
    <property name="java.runtime.name" value="OpenJDK Runtime Environment"/>
    <property name="file.encoding" value="UTF-8"/>
    <property name="java.vm.name" value="OpenJDK 64-Bit Server VM"/>
    <property name="java.vendor.version" value="Temurin-17.0.4.1+1"/>
    <property name="localRepository" value="/home/naharasoftsas/.m2/repository"/>
    <property name="java.vendor.url.bug" value="https://github.com/adoptium/adoptium-support/issues"/>
    <property name="java.io.tmpdir" value="/tmp"/>
    <property name="java.version" value="17.0.4.1"/>
    <property name="user.dir" value="/var/www/html/gml/format-crud-backend"/>
    <property name="os.arch" value="amd64"/>
    <property name="java.vm.specification.name" value="Java Virtual Machine Specification"/>
    <property name="native.encoding" value="UTF-8"/>
    <property name="java.library.path" value="/usr/java/packages/lib:/usr/lib64:/lib64:/lib:/usr/lib"/>
    <property name="java.vm.info" value="mixed mode"/>
    <property name="java.vendor" value="Eclipse Adoptium"/>
    <property name="java.vm.version" value="17.0.4.1+1"/>
    <property name="sun.io.unicode.encoding" value="UnicodeLittle"/>
    <property name="java.class.version" value="61.0"/>
  </properties>
  <testcase name="contextLoads" classname="com.bussiness.go.software.test.SoftwareApplicationTests" time="0.006">
    <error message="Failed to load ApplicationContext" type="java.lang.IllegalStateException">java.lang.IllegalStateException: Failed to load ApplicationContext
Caused by: org.springframework.beans.factory.BeanCreationException: Error creating bean with name 'requestMappingHandlerMapping' defined in class path resource [org/springframework/boot/autoconfigure/web/servlet/WebMvcAutoConfiguration$EnableWebMvcConfiguration.class]: Invocation of init method failed; nested exception is java.lang.IllegalStateException: Invalid mapping on handler class [com.bussiness.go.software.controllers.ReporteController]: public com.bussiness.go.software.utilities.ApiResponse com.bussiness.go.software.controllers.ReporteController.exportIntoExcelFile(javax.servlet.http.HttpServletResponse) throws java.io.IOException,java.text.ParseException
Caused by: java.lang.IllegalStateException: Invalid mapping on handler class [com.bussiness.go.software.controllers.ReporteController]: public com.bussiness.go.software.utilities.ApiResponse com.bussiness.go.software.controllers.ReporteController.exportIntoExcelFile(javax.servlet.http.HttpServletResponse) throws java.io.IOException,java.text.ParseException
Caused by: org.springframework.web.util.pattern.PatternParseException: Missing preceding open capture character before variable name{
</error>
    <system-out><![CDATA[15:00:17.836 [main] DEBUG org.springframework.test.context.BootstrapUtils - Instantiating CacheAwareContextLoaderDelegate from class [org.springframework.test.context.cache.DefaultCacheAwareContextLoaderDelegate]
15:00:17.842 [main] DEBUG org.springframework.test.context.BootstrapUtils - Instantiating BootstrapContext using constructor [public org.springframework.test.context.support.DefaultBootstrapContext(java.lang.Class,org.springframework.test.context.CacheAwareContextLoaderDelegate)]
15:00:17.867 [main] DEBUG org.springframework.test.context.BootstrapUtils - Instantiating TestContextBootstrapper for test class [com.bussiness.go.software.test.SoftwareApplicationTests] from class [org.springframework.boot.test.context.SpringBootTestContextBootstrapper]
15:00:17.875 [main] INFO org.springframework.boot.test.context.SpringBootTestContextBootstrapper - Neither @ContextConfiguration nor @ContextHierarchy found for test class [com.bussiness.go.software.test.SoftwareApplicationTests], using SpringBootContextLoader
15:00:17.877 [main] DEBUG org.springframework.test.context.support.AbstractContextLoader - Did not detect default resource location for test class [com.bussiness.go.software.test.SoftwareApplicationTests]: class path resource [com/bussiness/go/software/test/SoftwareApplicationTests-context.xml] does not exist
15:00:17.878 [main] DEBUG org.springframework.test.context.support.AbstractContextLoader - Did not detect default resource location for test class [com.bussiness.go.software.test.SoftwareApplicationTests]: class path resource [com/bussiness/go/software/test/SoftwareApplicationTestsContext.groovy] does not exist
15:00:17.878 [main] INFO org.springframework.test.context.support.AbstractContextLoader - Could not detect default resource locations for test class [com.bussiness.go.software.test.SoftwareApplicationTests]: no resource found for suffixes {-context.xml, Context.groovy}.
15:00:17.878 [main] INFO org.springframework.test.context.support.AnnotationConfigContextLoaderUtils - Could not detect default configuration classes for test class [com.bussiness.go.software.test.SoftwareApplicationTests]: SoftwareApplicationTests does not declare any static, non-private, non-final, nested classes annotated with @Configuration.
15:00:17.906 [main] DEBUG org.springframework.test.context.support.ActiveProfilesUtils - Could not find an 'annotation declaring class' for annotation type [org.springframework.test.context.ActiveProfiles] and class [com.bussiness.go.software.test.SoftwareApplicationTests]
15:00:17.955 [main] DEBUG org.springframework.context.annotation.ClassPathScanningCandidateComponentProvider - Identified candidate component class: file [/var/www/html/gml/format-crud-backend/target/classes/com/bussiness/go/software/SoftwareApplication.class]
15:00:17.955 [main] INFO org.springframework.boot.test.context.SpringBootTestContextBootstrapper - Found @SpringBootConfiguration com.bussiness.go.software.SoftwareApplication for test class com.bussiness.go.software.test.SoftwareApplicationTests
15:00:18.033 [main] DEBUG org.springframework.boot.test.context.SpringBootTestContextBootstrapper - @TestExecutionListeners is not present for class [com.bussiness.go.software.test.SoftwareApplicationTests]: using defaults.
15:00:18.033 [main] INFO org.springframework.boot.test.context.SpringBootTestContextBootstrapper - Loaded default TestExecutionListener class names from location [META-INF/spring.factories]: [org.springframework.boot.test.mock.mockito.MockitoTestExecutionListener, org.springframework.boot.test.mock.mockito.ResetMocksTestExecutionListener, org.springframework.boot.test.autoconfigure.restdocs.RestDocsTestExecutionListener, org.springframework.boot.test.autoconfigure.web.client.MockRestServiceServerResetTestExecutionListener, org.springframework.boot.test.autoconfigure.web.servlet.MockMvcPrintOnlyOnFailureTestExecutionListener, org.springframework.boot.test.autoconfigure.web.servlet.WebDriverTestExecutionListener, org.springframework.boot.test.autoconfigure.webservices.client.MockWebServiceServerTestExecutionListener, org.springframework.test.context.web.ServletTestExecutionListener, org.springframework.test.context.support.DirtiesContextBeforeModesTestExecutionListener, org.springframework.test.context.event.ApplicationEventsTestExecutionListener, org.springframework.test.context.support.DependencyInjectionTestExecutionListener, org.springframework.test.context.support.DirtiesContextTestExecutionListener, org.springframework.test.context.transaction.TransactionalTestExecutionListener, org.springframework.test.context.jdbc.SqlScriptsTestExecutionListener, org.springframework.test.context.event.EventPublishingTestExecutionListener]
15:00:18.042 [main] INFO org.springframework.boot.test.context.SpringBootTestContextBootstrapper - Using TestExecutionListeners: [org.springframework.test.context.web.ServletTestExecutionListener@7894f09b, org.springframework.test.context.support.DirtiesContextBeforeModesTestExecutionListener@3d484181, org.springframework.test.context.event.ApplicationEventsTestExecutionListener@6111ba37, org.springframework.boot.test.mock.mockito.MockitoTestExecutionListener@7be58f16, org.springframework.boot.test.autoconfigure.SpringBootDependencyInjectionTestExecutionListener@242aa8d9, org.springframework.test.context.support.DirtiesContextTestExecutionListener@5b11a194, org.springframework.test.context.transaction.TransactionalTestExecutionListener@37bd68c3, org.springframework.test.context.jdbc.SqlScriptsTestExecutionListener@60f7cc1d, org.springframework.test.context.event.EventPublishingTestExecutionListener@11eadcba, org.springframework.boot.test.mock.mockito.ResetMocksTestExecutionListener@4721d212, org.springframework.boot.test.autoconfigure.restdocs.RestDocsTestExecutionListener@1b065145, org.springframework.boot.test.autoconfigure.web.client.MockRestServiceServerResetTestExecutionListener@45cff11c, org.springframework.boot.test.autoconfigure.web.servlet.MockMvcPrintOnlyOnFailureTestExecutionListener@207ea13, org.springframework.boot.test.autoconfigure.web.servlet.WebDriverTestExecutionListener@4bff1903, org.springframework.boot.test.autoconfigure.webservices.client.MockWebServiceServerTestExecutionListener@62dae540]
15:00:18.043 [main] DEBUG org.springframework.test.context.support.AbstractDirtiesContextTestExecutionListener - Before test class: context [DefaultTestContext@71b3bc45 testClass = SoftwareApplicationTests, testInstance = [null], testMethod = [null], testException = [null], mergedContextConfiguration = [WebMergedContextConfiguration@a8c1f44 testClass = SoftwareApplicationTests, locations = '{}', classes = '{class com.bussiness.go.software.SoftwareApplication}', contextInitializerClasses = '[]', activeProfiles = '{}', propertySourceLocations = '{}', propertySourceProperties = '{org.springframework.boot.test.context.SpringBootTestContextBootstrapper=true}', contextCustomizers = set[org.springframework.boot.test.context.filter.ExcludeFilterContextCustomizer@34f6515b, org.springframework.boot.test.json.DuplicateJsonObjectContextCustomizerFactory$DuplicateJsonObjectContextCustomizer@78a773fd, org.springframework.boot.test.mock.mockito.MockitoContextCustomizer@0, org.springframework.boot.test.web.client.TestRestTemplateContextCustomizer@46271dd6, org.springframework.boot.test.autoconfigure.actuate.metrics.MetricsExportContextCustomizerFactory$DisableMetricExportContextCustomizer@1205bd62, org.springframework.boot.test.autoconfigure.properties.PropertyMappingContextCustomizer@0, org.springframework.boot.test.autoconfigure.web.servlet.WebDriverContextCustomizerFactory$Customizer@198d6542, org.springframework.boot.test.context.SpringBootTestArgs@1, org.springframework.boot.test.context.SpringBootTestWebEnvironment@6c80d78a], resourceBasePath = 'src/main/webapp', contextLoader = 'org.springframework.boot.test.context.SpringBootContextLoader', parent = [null]], attributes = map['org.springframework.test.context.web.ServletTestExecutionListener.activateListener' -> true]], class annotated with @DirtiesContext [false] with mode [null].

  .   ____          _            __ _ _
 /\\ / ___'_ __ _ _(_)_ __  __ _ \ \ \ \
( ( )\___ | '_ | '_| | '_ \/ _` | \ \ \ \
 \\/  ___)| |_)| | | | | || (_| |  ) ) ) )
  '  |____| .__|_| |_|_| |_\__, | / / / /
 =========|_|==============|___/=/_/_/_/
 :: Spring Boot ::                (v2.7.7)

2024-11-27 15:00:18.258  WARN 119024 --- [           main] ory$DuplicateJsonObjectContextCustomizer : 

Found multiple occurrences of org.json.JSONObject on the class path:

	jar:file:/home/naharasoftsas/.m2/repository/com/vaadin/external/google/android-json/0.0.20131108.vaadin1/android-json-0.0.20131108.vaadin1.jar!/org/json/JSONObject.class
	jar:file:/home/naharasoftsas/.m2/repository/org/json/json/20210307/json-20210307.jar!/org/json/JSONObject.class

You may wish to exclude one of them to ensure predictable runtime behavior

2024-11-27 15:00:18.270  INFO 119024 --- [           main] c.b.g.s.test.SoftwareApplicationTests    : Starting SoftwareApplicationTests using Java 17.0.4.1 on naharasoftsas with PID 119024 (started by naharasoftsas in /var/www/html/gml/format-crud-backend)
2024-11-27 15:00:18.271  INFO 119024 --- [           main] c.b.g.s.test.SoftwareApplicationTests    : No active profile set, falling back to 1 default profile: "default"
2024-11-27 15:00:18.698  INFO 119024 --- [           main] .s.d.r.c.RepositoryConfigurationDelegate : Multiple Spring Data modules found, entering strict repository configuration mode
2024-11-27 15:00:18.698  INFO 119024 --- [           main] .s.d.r.c.RepositoryConfigurationDelegate : Bootstrapping Spring Data JPA repositories in DEFAULT mode.
2024-11-27 15:00:18.767  INFO 119024 --- [           main] .s.d.r.c.RepositoryConfigurationDelegate : Finished Spring Data repository scanning in 63 ms. Found 10 JPA repository interfaces.
2024-11-27 15:00:19.043  INFO 119024 --- [           main] .s.d.r.c.RepositoryConfigurationDelegate : Multiple Spring Data modules found, entering strict repository configuration mode
2024-11-27 15:00:19.044  INFO 119024 --- [           main] .s.d.r.c.RepositoryConfigurationDelegate : Bootstrapping Spring Data JDBC repositories in DEFAULT mode.
2024-11-27 15:00:19.050  INFO 119024 --- [           main] .RepositoryConfigurationExtensionSupport : Spring Data JDBC - Could not safely identify store assignment for repository candidate interface com.bussiness.go.software.repositories.IBandejaClienteRepository; If you want this repository to be a JDBC repository, consider annotating your entities with one of these annotations: org.springframework.data.relational.core.mapping.Table.
2024-11-27 15:00:19.050  INFO 119024 --- [           main] .RepositoryConfigurationExtensionSupport : Spring Data JDBC - Could not safely identify store assignment for repository candidate interface com.bussiness.go.software.repositories.IBandejaUsuarioRepository; If you want this repository to be a JDBC repository, consider annotating your entities with one of these annotations: org.springframework.data.relational.core.mapping.Table.
2024-11-27 15:00:19.051  INFO 119024 --- [           main] .RepositoryConfigurationExtensionSupport : Spring Data JDBC - Could not safely identify store assignment for repository candidate interface com.bussiness.go.software.repositories.ICiudadRepository; If you want this repository to be a JDBC repository, consider annotating your entities with one of these annotations: org.springframework.data.relational.core.mapping.Table.
2024-11-27 15:00:19.051  INFO 119024 --- [           main] .RepositoryConfigurationExtensionSupport : Spring Data JDBC - Could not safely identify store assignment for repository candidate interface com.bussiness.go.software.repositories.IClienteRepository; If you want this repository to be a JDBC repository, consider annotating your entities with one of these annotations: org.springframework.data.relational.core.mapping.Table.
2024-11-27 15:00:19.052  INFO 119024 --- [           main] .RepositoryConfigurationExtensionSupport : Spring Data JDBC - Could not safely identify store assignment for repository candidate interface com.bussiness.go.software.repositories.IDepartamentoRepository; If you want this repository to be a JDBC repository, consider annotating your entities with one of these annotations: org.springframework.data.relational.core.mapping.Table.
2024-11-27 15:00:19.052  INFO 119024 --- [           main] .RepositoryConfigurationExtensionSupport : Spring Data JDBC - Could not safely identify store assignment for repository candidate interface com.bussiness.go.software.repositories.IListaSelectorRepository; If you want this repository to be a JDBC repository, consider annotating your entities with one of these annotations: org.springframework.data.relational.core.mapping.Table.
2024-11-27 15:00:19.052  INFO 119024 --- [           main] .RepositoryConfigurationExtensionSupport : Spring Data JDBC - Could not safely identify store assignment for repository candidate interface com.bussiness.go.software.repositories.IPaisRepository; If you want this repository to be a JDBC repository, consider annotating your entities with one of these annotations: org.springframework.data.relational.core.mapping.Table.
2024-11-27 15:00:19.053  INFO 119024 --- [           main] .RepositoryConfigurationExtensionSupport : Spring Data JDBC - Could not safely identify store assignment for repository candidate interface com.bussiness.go.software.repositories.IReporteExcelClienteRepository; If you want this repository to be a JDBC repository, consider annotating your entities with one of these annotations: org.springframework.data.relational.core.mapping.Table.
2024-11-27 15:00:19.053  INFO 119024 --- [           main] .RepositoryConfigurationExtensionSupport : Spring Data JDBC - Could not safely identify store assignment for repository candidate interface com.bussiness.go.software.repositories.IUsuarioRepository; If you want this repository to be a JDBC repository, consider annotating your entities with one of these annotations: org.springframework.data.relational.core.mapping.Table.
2024-11-27 15:00:19.054  INFO 119024 --- [           main] .RepositoryConfigurationExtensionSupport : Spring Data JDBC - Could not safely identify store assignment for repository candidate interface com.bussiness.go.software.repositories.IUsuarioRepositoryPaging; If you want this repository to be a JDBC repository, consider annotating your entities with one of these annotations: org.springframework.data.relational.core.mapping.Table.
2024-11-27 15:00:19.054  INFO 119024 --- [           main] .s.d.r.c.RepositoryConfigurationDelegate : Finished Spring Data repository scanning in 10 ms. Found 0 JDBC repository interfaces.
2024-11-27 15:00:19.368  INFO 119024 --- [           main] trationDelegate$BeanPostProcessorChecker : Bean 'org.springframework.ws.config.annotation.DelegatingWsConfiguration' of type [org.springframework.ws.config.annotation.DelegatingWsConfiguration$$EnhancerBySpringCGLIB$$70bb3ffe] is not eligible for getting processed by all BeanPostProcessors (for example: not eligible for auto-proxying)
2024-11-27 15:00:19.396  INFO 119024 --- [           main] .w.s.a.s.AnnotationActionEndpointMapping : Supporting [WS-Addressing August 2004, WS-Addressing 1.0]
2024-11-27 15:00:19.604  INFO 119024 --- [           main] o.hibernate.jpa.internal.util.LogHelper  : HHH000204: Processing PersistenceUnitInfo [name: default]
2024-11-27 15:00:19.634  INFO 119024 --- [           main] org.hibernate.Version                    : HHH000412: Hibernate ORM core version 5.6.14.Final
2024-11-27 15:00:19.733  INFO 119024 --- [           main] o.hibernate.annotations.common.Version   : HCANN000001: Hibernate Commons Annotations {5.1.2.Final}
2024-11-27 15:00:19.807  INFO 119024 --- [           main] com.zaxxer.hikari.HikariDataSource       : HikariPool-1 - Starting...
2024-11-27 15:00:20.045  INFO 119024 --- [           main] com.zaxxer.hikari.HikariDataSource       : HikariPool-1 - Start completed.
2024-11-27 15:00:20.056  INFO 119024 --- [           main] org.hibernate.dialect.Dialect            : HHH000400: Using dialect: org.hibernate.dialect.PostgreSQLDialect
2024-11-27 15:00:20.470  INFO 119024 --- [           main] o.h.e.t.j.p.i.JtaPlatformInitiator       : HHH000490: Using JtaPlatform implementation: [org.hibernate.engine.transaction.jta.platform.internal.NoJtaPlatform]
2024-11-27 15:00:20.476  INFO 119024 --- [           main] j.LocalContainerEntityManagerFactoryBean : Initialized JPA EntityManagerFactory for persistence unit 'default'
2024-11-27 15:00:21.109  WARN 119024 --- [           main] org.thymeleaf.templatemode.TemplateMode  : [THYMELEAF][main] Template Mode 'HTML5' is deprecated. Using Template Mode 'HTML' instead.
2024-11-27 15:00:21.197  INFO 119024 --- [           main] o.s.s.web.DefaultSecurityFilterChain     : Will secure any request with [org.springframework.security.web.session.DisableEncodeUrlFilter@188532da, org.springframework.security.web.context.request.async.WebAsyncManagerIntegrationFilter@f10927f, org.springframework.security.web.context.SecurityContextPersistenceFilter@3c5cb013, org.springframework.security.web.header.HeaderWriterFilter@3f3a529f, org.springframework.web.filter.CorsFilter@7e4c0bc7, org.springframework.security.web.authentication.logout.LogoutFilter@3a61d819, com.bussiness.go.software.security.JWTAuthorizationFilter@1d126f07, com.bussiness.go.software.security.JWTAuthenticationFilter@36570936, org.springframework.security.web.authentication.www.BasicAuthenticationFilter@492d38a2, org.springframework.security.web.savedrequest.RequestCacheAwareFilter@f09c282, org.springframework.security.web.servletapi.SecurityContextHolderAwareRequestFilter@560c3758, org.springframework.security.web.authentication.AnonymousAuthenticationFilter@775fec4, org.springframework.security.web.session.SessionManagementFilter@344cf00f, org.springframework.security.web.access.ExceptionTranslationFilter@2318651f, org.springframework.security.web.access.intercept.FilterSecurityInterceptor@5ed463b7]
2024-11-27 15:00:21.397  WARN 119024 --- [           main] JpaBaseConfiguration$JpaWebConfiguration : spring.jpa.open-in-view is enabled by default. Therefore, database queries may be performed during view rendering. Explicitly configure spring.jpa.open-in-view to disable this warning
2024-11-27 15:00:21.664  WARN 119024 --- [           main] o.s.w.c.s.GenericWebApplicationContext   : Exception encountered during context initialization - cancelling refresh attempt: org.springframework.beans.factory.BeanCreationException: Error creating bean with name 'requestMappingHandlerMapping' defined in class path resource [org/springframework/boot/autoconfigure/web/servlet/WebMvcAutoConfiguration$EnableWebMvcConfiguration.class]: Invocation of init method failed; nested exception is java.lang.IllegalStateException: Invalid mapping on handler class [com.bussiness.go.software.controllers.ReporteController]: public com.bussiness.go.software.utilities.ApiResponse com.bussiness.go.software.controllers.ReporteController.exportIntoExcelFile(javax.servlet.http.HttpServletResponse) throws java.io.IOException,java.text.ParseException
2024-11-27 15:00:21.668  INFO 119024 --- [           main] j.LocalContainerEntityManagerFactoryBean : Closing JPA EntityManagerFactory for persistence unit 'default'
2024-11-27 15:00:21.670  INFO 119024 --- [           main] com.zaxxer.hikari.HikariDataSource       : HikariPool-1 - Shutdown initiated...
2024-11-27 15:00:21.676  INFO 119024 --- [           main] com.zaxxer.hikari.HikariDataSource       : HikariPool-1 - Shutdown completed.
2024-11-27 15:00:21.684  INFO 119024 --- [           main] ConditionEvaluationReportLoggingListener : 

Error starting ApplicationContext. To display the conditions report re-run your application with 'debug' enabled.
2024-11-27 15:00:21.696 ERROR 119024 --- [           main] o.s.b.d.LoggingFailureAnalysisReporter   : 

***************************
APPLICATION FAILED TO START
***************************

Description:

Invalid mapping pattern detected: /excel}
      ^
Missing preceding open capture character before variable name{

Action:

Fix this pattern in your application or switch to the legacy parser implementation with 'spring.mvc.pathmatch.matching-strategy=ant_path_matcher'.

2024-11-27 15:00:21.699 ERROR 119024 --- [           main] o.s.test.context.TestContextManager      : Caught exception while allowing TestExecutionListener [org.springframework.test.context.web.ServletTestExecutionListener@7894f09b] to prepare test instance [com.bussiness.go.software.test.SoftwareApplicationTests@2524f9bf]

java.lang.IllegalStateException: Failed to load ApplicationContext
	at org.springframework.test.context.cache.DefaultCacheAwareContextLoaderDelegate.loadContext(DefaultCacheAwareContextLoaderDelegate.java:98) ~[spring-test-5.3.24.jar:5.3.24]
	at org.springframework.test.context.support.DefaultTestContext.getApplicationContext(DefaultTestContext.java:124) ~[spring-test-5.3.24.jar:5.3.24]
	at org.springframework.test.context.web.ServletTestExecutionListener.setUpRequestContextIfNecessary(ServletTestExecutionListener.java:190) ~[spring-test-5.3.24.jar:5.3.24]
	at org.springframework.test.context.web.ServletTestExecutionListener.prepareTestInstance(ServletTestExecutionListener.java:132) ~[spring-test-5.3.24.jar:5.3.24]
	at org.springframework.test.context.TestContextManager.prepareTestInstance(TestContextManager.java:248) ~[spring-test-5.3.24.jar:5.3.24]
	at org.springframework.test.context.junit.jupiter.SpringExtension.postProcessTestInstance(SpringExtension.java:138) ~[spring-test-5.3.24.jar:5.3.24]
	at org.junit.jupiter.engine.descriptor.ClassBasedTestDescriptor.lambda$invokeTestInstancePostProcessors$8(ClassBasedTestDescriptor.java:363) ~[junit-jupiter-engine-5.8.2.jar:5.8.2]
	at org.junit.jupiter.engine.descriptor.ClassBasedTestDescriptor.executeAndMaskThrowable(ClassBasedTestDescriptor.java:368) ~[junit-jupiter-engine-5.8.2.jar:5.8.2]
	at org.junit.jupiter.engine.descriptor.ClassBasedTestDescriptor.lambda$invokeTestInstancePostProcessors$9(ClassBasedTestDescriptor.java:363) ~[junit-jupiter-engine-5.8.2.jar:5.8.2]
	at java.base/java.util.stream.ReferencePipeline$3$1.accept(ReferencePipeline.java:197) ~[na:na]
	at java.base/java.util.stream.ReferencePipeline$2$1.accept(ReferencePipeline.java:179) ~[na:na]
	at java.base/java.util.ArrayList$ArrayListSpliterator.forEachRemaining(ArrayList.java:1625) ~[na:na]
	at java.base/java.util.stream.AbstractPipeline.copyInto(AbstractPipeline.java:509) ~[na:na]
	at java.base/java.util.stream.AbstractPipeline.wrapAndCopyInto(AbstractPipeline.java:499) ~[na:na]
	at java.base/java.util.stream.StreamSpliterators$WrappingSpliterator.forEachRemaining(StreamSpliterators.java:310) ~[na:na]
	at java.base/java.util.stream.Streams$ConcatSpliterator.forEachRemaining(Streams.java:735) ~[na:na]
	at java.base/java.util.stream.Streams$ConcatSpliterator.forEachRemaining(Streams.java:734) ~[na:na]
	at java.base/java.util.stream.ReferencePipeline$Head.forEach(ReferencePipeline.java:762) ~[na:na]
	at org.junit.jupiter.engine.descriptor.ClassBasedTestDescriptor.invokeTestInstancePostProcessors(ClassBasedTestDescriptor.java:362) ~[junit-jupiter-engine-5.8.2.jar:5.8.2]
	at org.junit.jupiter.engine.descriptor.ClassBasedTestDescriptor.lambda$instantiateAndPostProcessTestInstance$6(ClassBasedTestDescriptor.java:283) ~[junit-jupiter-engine-5.8.2.jar:5.8.2]
	at org.junit.platform.engine.support.hierarchical.ThrowableCollector.execute(ThrowableCollector.java:73) ~[junit-platform-engine-1.8.2.jar:1.8.2]
	at org.junit.jupiter.engine.descriptor.ClassBasedTestDescriptor.instantiateAndPostProcessTestInstance(ClassBasedTestDescriptor.java:282) ~[junit-jupiter-engine-5.8.2.jar:5.8.2]
	at org.junit.jupiter.engine.descriptor.ClassBasedTestDescriptor.lambda$testInstancesProvider$4(ClassBasedTestDescriptor.java:272) ~[junit-jupiter-engine-5.8.2.jar:5.8.2]
	at java.base/java.util.Optional.orElseGet(Optional.java:364) ~[na:na]
	at org.junit.jupiter.engine.descriptor.ClassBasedTestDescriptor.lambda$testInstancesProvider$5(ClassBasedTestDescriptor.java:271) ~[junit-jupiter-engine-5.8.2.jar:5.8.2]
	at org.junit.jupiter.engine.execution.TestInstancesProvider.getTestInstances(TestInstancesProvider.java:31) ~[junit-jupiter-engine-5.8.2.jar:5.8.2]
	at org.junit.jupiter.engine.descriptor.TestMethodTestDescriptor.lambda$prepare$0(TestMethodTestDescriptor.java:102) ~[junit-jupiter-engine-5.8.2.jar:5.8.2]
	at org.junit.platform.engine.support.hierarchical.ThrowableCollector.execute(ThrowableCollector.java:73) ~[junit-platform-engine-1.8.2.jar:1.8.2]
	at org.junit.jupiter.engine.descriptor.TestMethodTestDescriptor.prepare(TestMethodTestDescriptor.java:101) ~[junit-jupiter-engine-5.8.2.jar:5.8.2]
	at org.junit.jupiter.engine.descriptor.TestMethodTestDescriptor.prepare(TestMethodTestDescriptor.java:66) ~[junit-jupiter-engine-5.8.2.jar:5.8.2]
	at org.junit.platform.engine.support.hierarchical.NodeTestTask.lambda$prepare$2(NodeTestTask.java:123) ~[junit-platform-engine-1.8.2.jar:1.8.2]
	at org.junit.platform.engine.support.hierarchical.ThrowableCollector.execute(ThrowableCollector.java:73) ~[junit-platform-engine-1.8.2.jar:1.8.2]
	at org.junit.platform.engine.support.hierarchical.NodeTestTask.prepare(NodeTestTask.java:123) ~[junit-platform-engine-1.8.2.jar:1.8.2]
	at org.junit.platform.engine.support.hierarchical.NodeTestTask.execute(NodeTestTask.java:90) ~[junit-platform-engine-1.8.2.jar:1.8.2]
	at java.base/java.util.ArrayList.forEach(ArrayList.java:1511) ~[na:na]
	at org.junit.platform.engine.support.hierarchical.SameThreadHierarchicalTestExecutorService.invokeAll(SameThreadHierarchicalTestExecutorService.java:41) ~[junit-platform-engine-1.8.2.jar:1.8.2]
	at org.junit.platform.engine.support.hierarchical.NodeTestTask.lambda$executeRecursively$6(NodeTestTask.java:155) ~[junit-platform-engine-1.8.2.jar:1.8.2]
	at org.junit.platform.engine.support.hierarchical.ThrowableCollector.execute(ThrowableCollector.java:73) ~[junit-platform-engine-1.8.2.jar:1.8.2]
	at org.junit.platform.engine.support.hierarchical.NodeTestTask.lambda$executeRecursively$8(NodeTestTask.java:141) ~[junit-platform-engine-1.8.2.jar:1.8.2]
	at org.junit.platform.engine.support.hierarchical.Node.around(Node.java:137) ~[junit-platform-engine-1.8.2.jar:1.8.2]
	at org.junit.platform.engine.support.hierarchical.NodeTestTask.lambda$executeRecursively$9(NodeTestTask.java:139) ~[junit-platform-engine-1.8.2.jar:1.8.2]
	at org.junit.platform.engine.support.hierarchical.ThrowableCollector.execute(ThrowableCollector.java:73) ~[junit-platform-engine-1.8.2.jar:1.8.2]
	at org.junit.platform.engine.support.hierarchical.NodeTestTask.executeRecursively(NodeTestTask.java:138) ~[junit-platform-engine-1.8.2.jar:1.8.2]
	at org.junit.platform.engine.support.hierarchical.NodeTestTask.execute(NodeTestTask.java:95) ~[junit-platform-engine-1.8.2.jar:1.8.2]
	at java.base/java.util.ArrayList.forEach(ArrayList.java:1511) ~[na:na]
	at org.junit.platform.engine.support.hierarchical.SameThreadHierarchicalTestExecutorService.invokeAll(SameThreadHierarchicalTestExecutorService.java:41) ~[junit-platform-engine-1.8.2.jar:1.8.2]
	at org.junit.platform.engine.support.hierarchical.NodeTestTask.lambda$executeRecursively$6(NodeTestTask.java:155) ~[junit-platform-engine-1.8.2.jar:1.8.2]
	at org.junit.platform.engine.support.hierarchical.ThrowableCollector.execute(ThrowableCollector.java:73) ~[junit-platform-engine-1.8.2.jar:1.8.2]
	at org.junit.platform.engine.support.hierarchical.NodeTestTask.lambda$executeRecursively$8(NodeTestTask.java:141) ~[junit-platform-engine-1.8.2.jar:1.8.2]
	at org.junit.platform.engine.support.hierarchical.Node.around(Node.java:137) ~[junit-platform-engine-1.8.2.jar:1.8.2]
	at org.junit.platform.engine.support.hierarchical.NodeTestTask.lambda$executeRecursively$9(NodeTestTask.java:139) ~[junit-platform-engine-1.8.2.jar:1.8.2]
	at org.junit.platform.engine.support.hierarchical.ThrowableCollector.execute(ThrowableCollector.java:73) ~[junit-platform-engine-1.8.2.jar:1.8.2]
	at org.junit.platform.engine.support.hierarchical.NodeTestTask.executeRecursively(NodeTestTask.java:138) ~[junit-platform-engine-1.8.2.jar:1.8.2]
	at org.junit.platform.engine.support.hierarchical.NodeTestTask.execute(NodeTestTask.java:95) ~[junit-platform-engine-1.8.2.jar:1.8.2]
	at org.junit.platform.engine.support.hierarchical.SameThreadHierarchicalTestExecutorService.submit(SameThreadHierarchicalTestExecutorService.java:35) ~[junit-platform-engine-1.8.2.jar:1.8.2]
	at org.junit.platform.engine.support.hierarchical.HierarchicalTestExecutor.execute(HierarchicalTestExecutor.java:57) ~[junit-platform-engine-1.8.2.jar:1.8.2]
	at org.junit.platform.engine.support.hierarchical.HierarchicalTestEngine.execute(HierarchicalTestEngine.java:54) ~[junit-platform-engine-1.8.2.jar:1.8.2]
	at org.junit.platform.launcher.core.DefaultLauncher.execute(DefaultLauncher.java:220) ~[junit-platform-launcher-1.3.1.jar:1.3.1]
	at org.junit.platform.launcher.core.DefaultLauncher.lambda$execute$6(DefaultLauncher.java:188) ~[junit-platform-launcher-1.3.1.jar:1.3.1]
	at org.junit.platform.launcher.core.DefaultLauncher.withInterceptedStreams(DefaultLauncher.java:202) ~[junit-platform-launcher-1.3.1.jar:1.3.1]
	at org.junit.platform.launcher.core.DefaultLauncher.execute(DefaultLauncher.java:181) ~[junit-platform-launcher-1.3.1.jar:1.3.1]
	at org.junit.platform.launcher.core.DefaultLauncher.execute(DefaultLauncher.java:128) ~[junit-platform-launcher-1.3.1.jar:1.3.1]
	at org.apache.maven.surefire.junitplatform.JUnitPlatformProvider.invokeAllTests(JUnitPlatformProvider.java:150) ~[surefire-junit-platform-2.22.2.jar:2.22.2]
	at org.apache.maven.surefire.junitplatform.JUnitPlatformProvider.invoke(JUnitPlatformProvider.java:124) ~[surefire-junit-platform-2.22.2.jar:2.22.2]
	at org.apache.maven.surefire.booter.ForkedBooter.invokeProviderInSameClassLoader(ForkedBooter.java:384) ~[surefire-booter-2.22.2.jar:2.22.2]
	at org.apache.maven.surefire.booter.ForkedBooter.runSuitesInProcess(ForkedBooter.java:345) ~[surefire-booter-2.22.2.jar:2.22.2]
	at org.apache.maven.surefire.booter.ForkedBooter.execute(ForkedBooter.java:126) ~[surefire-booter-2.22.2.jar:2.22.2]
	at org.apache.maven.surefire.booter.ForkedBooter.main(ForkedBooter.java:418) ~[surefire-booter-2.22.2.jar:2.22.2]
Caused by: org.springframework.beans.factory.BeanCreationException: Error creating bean with name 'requestMappingHandlerMapping' defined in class path resource [org/springframework/boot/autoconfigure/web/servlet/WebMvcAutoConfiguration$EnableWebMvcConfiguration.class]: Invocation of init method failed; nested exception is java.lang.IllegalStateException: Invalid mapping on handler class [com.bussiness.go.software.controllers.ReporteController]: public com.bussiness.go.software.utilities.ApiResponse com.bussiness.go.software.controllers.ReporteController.exportIntoExcelFile(javax.servlet.http.HttpServletResponse) throws java.io.IOException,java.text.ParseException
	at org.springframework.beans.factory.support.AbstractAutowireCapableBeanFactory.initializeBean(AbstractAutowireCapableBeanFactory.java:1804) ~[spring-beans-5.3.24.jar:5.3.24]
	at org.springframework.beans.factory.support.AbstractAutowireCapableBeanFactory.doCreateBean(AbstractAutowireCapableBeanFactory.java:620) ~[spring-beans-5.3.24.jar:5.3.24]
	at org.springframework.beans.factory.support.AbstractAutowireCapableBeanFactory.createBean(AbstractAutowireCapableBeanFactory.java:542) ~[spring-beans-5.3.24.jar:5.3.24]
	at org.springframework.beans.factory.support.AbstractBeanFactory.lambda$doGetBean$0(AbstractBeanFactory.java:335) ~[spring-beans-5.3.24.jar:5.3.24]
	at org.springframework.beans.factory.support.DefaultSingletonBeanRegistry.getSingleton(DefaultSingletonBeanRegistry.java:234) ~[spring-beans-5.3.24.jar:5.3.24]
	at org.springframework.beans.factory.support.AbstractBeanFactory.doGetBean(AbstractBeanFactory.java:333) ~[spring-beans-5.3.24.jar:5.3.24]
	at org.springframework.beans.factory.support.AbstractBeanFactory.getBean(AbstractBeanFactory.java:208) ~[spring-beans-5.3.24.jar:5.3.24]
	at org.springframework.beans.factory.support.DefaultListableBeanFactory.preInstantiateSingletons(DefaultListableBeanFactory.java:955) ~[spring-beans-5.3.24.jar:5.3.24]
	at org.springframework.context.support.AbstractApplicationContext.finishBeanFactoryInitialization(AbstractApplicationContext.java:918) ~[spring-context-5.3.24.jar:5.3.24]
	at org.springframework.context.support.AbstractApplicationContext.refresh(AbstractApplicationContext.java:583) ~[spring-context-5.3.24.jar:5.3.24]
	at org.springframework.boot.SpringApplication.refresh(SpringApplication.java:731) ~[spring-boot-2.7.7.jar:2.7.7]
	at org.springframework.boot.SpringApplication.refreshContext(SpringApplication.java:408) ~[spring-boot-2.7.7.jar:2.7.7]
	at org.springframework.boot.SpringApplication.run(SpringApplication.java:307) ~[spring-boot-2.7.7.jar:2.7.7]
	at org.springframework.boot.test.context.SpringBootContextLoader.loadContext(SpringBootContextLoader.java:136) ~[spring-boot-test-2.7.7.jar:2.7.7]
	at org.springframework.test.context.cache.DefaultCacheAwareContextLoaderDelegate.loadContextInternal(DefaultCacheAwareContextLoaderDelegate.java:141) ~[spring-test-5.3.24.jar:5.3.24]
	at org.springframework.test.context.cache.DefaultCacheAwareContextLoaderDelegate.loadContext(DefaultCacheAwareContextLoaderDelegate.java:90) ~[spring-test-5.3.24.jar:5.3.24]
	... 67 common frames omitted
Caused by: java.lang.IllegalStateException: Invalid mapping on handler class [com.bussiness.go.software.controllers.ReporteController]: public com.bussiness.go.software.utilities.ApiResponse com.bussiness.go.software.controllers.ReporteController.exportIntoExcelFile(javax.servlet.http.HttpServletResponse) throws java.io.IOException,java.text.ParseException
	at org.springframework.web.servlet.handler.AbstractHandlerMethodMapping.lambda$detectHandlerMethods$1(AbstractHandlerMethodMapping.java:288) ~[spring-webmvc-5.3.24.jar:5.3.24]
	at org.springframework.core.MethodIntrospector.lambda$selectMethods$0(MethodIntrospector.java:74) ~[spring-core-5.3.24.jar:5.3.24]
	at org.springframework.util.ReflectionUtils.doWithMethods(ReflectionUtils.java:367) ~[spring-core-5.3.24.jar:5.3.24]
	at org.springframework.core.MethodIntrospector.selectMethods(MethodIntrospector.java:72) ~[spring-core-5.3.24.jar:5.3.24]
	at org.springframework.web.servlet.handler.AbstractHandlerMethodMapping.detectHandlerMethods(AbstractHandlerMethodMapping.java:281) ~[spring-webmvc-5.3.24.jar:5.3.24]
	at org.springframework.web.servlet.handler.AbstractHandlerMethodMapping.processCandidateBean(AbstractHandlerMethodMapping.java:266) ~[spring-webmvc-5.3.24.jar:5.3.24]
	at org.springframework.web.servlet.handler.AbstractHandlerMethodMapping.initHandlerMethods(AbstractHandlerMethodMapping.java:225) ~[spring-webmvc-5.3.24.jar:5.3.24]
	at org.springframework.web.servlet.handler.AbstractHandlerMethodMapping.afterPropertiesSet(AbstractHandlerMethodMapping.java:213) ~[spring-webmvc-5.3.24.jar:5.3.24]
	at org.springframework.web.servlet.mvc.method.annotation.RequestMappingHandlerMapping.afterPropertiesSet(RequestMappingHandlerMapping.java:205) ~[spring-webmvc-5.3.24.jar:5.3.24]
	at org.springframework.beans.factory.support.AbstractAutowireCapableBeanFactory.invokeInitMethods(AbstractAutowireCapableBeanFactory.java:1863) ~[spring-beans-5.3.24.jar:5.3.24]
	at org.springframework.beans.factory.support.AbstractAutowireCapableBeanFactory.initializeBean(AbstractAutowireCapableBeanFactory.java:1800) ~[spring-beans-5.3.24.jar:5.3.24]
	... 82 common frames omitted
Caused by: org.springframework.web.util.pattern.PatternParseException: Missing preceding open capture character before variable name{
	at org.springframework.web.util.pattern.InternalPathPatternParser.parse(InternalPathPatternParser.java:143) ~[spring-web-5.3.24.jar:5.3.24]
	at org.springframework.web.util.pattern.PathPatternParser.parse(PathPatternParser.java:110) ~[spring-web-5.3.24.jar:5.3.24]
	at org.springframework.web.servlet.mvc.condition.PathPatternsRequestCondition.parse(PathPatternsRequestCondition.java:82) ~[spring-webmvc-5.3.24.jar:5.3.24]
	at org.springframework.web.servlet.mvc.condition.PathPatternsRequestCondition.<init>(PathPatternsRequestCondition.java:70) ~[spring-webmvc-5.3.24.jar:5.3.24]
	at org.springframework.web.servlet.mvc.method.RequestMappingInfo$DefaultBuilder.build(RequestMappingInfo.java:712) ~[spring-webmvc-5.3.24.jar:5.3.24]
	at org.springframework.web.servlet.mvc.method.annotation.RequestMappingHandlerMapping.createRequestMappingInfo(RequestMappingHandlerMapping.java:379) ~[spring-webmvc-5.3.24.jar:5.3.24]
	at org.springframework.web.servlet.mvc.method.annotation.RequestMappingHandlerMapping.createRequestMappingInfo(RequestMappingHandlerMapping.java:324) ~[spring-webmvc-5.3.24.jar:5.3.24]
	at org.springframework.web.servlet.mvc.method.annotation.RequestMappingHandlerMapping.getMappingForMethod(RequestMappingHandlerMapping.java:284) ~[spring-webmvc-5.3.24.jar:5.3.24]
	at org.springframework.web.servlet.mvc.method.annotation.RequestMappingHandlerMapping.getMappingForMethod(RequestMappingHandlerMapping.java:76) ~[spring-webmvc-5.3.24.jar:5.3.24]
	at org.springframework.web.servlet.handler.AbstractHandlerMethodMapping.lambda$detectHandlerMethods$1(AbstractHandlerMethodMapping.java:284) ~[spring-webmvc-5.3.24.jar:5.3.24]
	... 92 common frames omitted

]]></system-out>
  </testcase>
</testsuite>